{"C:\\Users\\ATANDA\\Desktop\\AbdulAzeez Career Files DONT DELETE PLEASE\\FastFoodFast\\server\\app.js":{"path":"C:\\Users\\ATANDA\\Desktop\\AbdulAzeez Career Files DONT DELETE PLEASE\\FastFoodFast\\server\\app.js","statementMap":{"0":{"start":{"line":3,"column":0},"end":{"line":5,"column":3}},"1":{"start":{"line":7,"column":15},"end":{"line":7,"column":33}},"2":{"start":{"line":9,"column":16},"end":{"line":9,"column":48}},"3":{"start":{"line":11,"column":18},"end":{"line":11,"column":40}},"4":{"start":{"line":13,"column":0},"end":{"line":13,"column":26}},"5":{"start":{"line":15,"column":11},"end":{"line":15,"column":35}},"6":{"start":{"line":17,"column":12},"end":{"line":17,"column":40}},"7":{"start":{"line":19,"column":17},"end":{"line":19,"column":44}},"8":{"start":{"line":21,"column":18},"end":{"line":21,"column":52}},"9":{"start":{"line":23,"column":39},"end":{"line":23,"column":93}},"10":{"start":{"line":25,"column":10},"end":{"line":25,"column":34}},"11":{"start":{"line":27,"column":0},"end":{"line":27,"column":33}},"12":{"start":{"line":28,"column":0},"end":{"line":28,"column":58}},"13":{"start":{"line":29,"column":0},"end":{"line":29,"column":34}},"14":{"start":{"line":31,"column":0},"end":{"line":33,"column":3}},"15":{"start":{"line":32,"column":2},"end":{"line":32,"column":40}},"16":{"start":{"line":35,"column":0},"end":{"line":37,"column":3}},"17":{"start":{"line":36,"column":2},"end":{"line":36,"column":57}},"18":{"start":{"line":39,"column":11},"end":{"line":39,"column":35}},"19":{"start":{"line":40,"column":0},"end":{"line":42,"column":3}},"20":{"start":{"line":41,"column":2},"end":{"line":41,"column":50}},"21":{"start":{"line":44,"column":0},"end":{"line":44,"column":22}}},"fnMap":{"0":{"name":"_interopRequireDefault","decl":{"start":{"line":23,"column":9},"end":{"line":23,"column":31}},"loc":{"start":{"line":23,"column":37},"end":{"line":23,"column":95}},"line":23},"1":{"name":"(anonymous_1)","decl":{"start":{"line":31,"column":13},"end":{"line":31,"column":14}},"loc":{"start":{"line":31,"column":33},"end":{"line":33,"column":1}},"line":31},"2":{"name":"(anonymous_2)","decl":{"start":{"line":35,"column":8},"end":{"line":35,"column":9}},"loc":{"start":{"line":35,"column":28},"end":{"line":37,"column":1}},"line":35},"3":{"name":"(anonymous_3)","decl":{"start":{"line":40,"column":17},"end":{"line":40,"column":18}},"loc":{"start":{"line":40,"column":29},"end":{"line":42,"column":1}},"line":40}},"branchMap":{"0":{"loc":{"start":{"line":23,"column":46},"end":{"line":23,"column":92}},"type":"cond-expr","locations":[{"start":{"line":23,"column":70},"end":{"line":23,"column":73}},{"start":{"line":23,"column":76},"end":{"line":23,"column":92}}],"line":23},"1":{"loc":{"start":{"line":23,"column":46},"end":{"line":23,"column":67}},"type":"binary-expr","locations":[{"start":{"line":23,"column":46},"end":{"line":23,"column":49}},{"start":{"line":23,"column":53},"end":{"line":23,"column":67}}],"line":23},"2":{"loc":{"start":{"line":39,"column":11},"end":{"line":39,"column":35}},"type":"binary-expr","locations":[{"start":{"line":39,"column":11},"end":{"line":39,"column":27}},{"start":{"line":39,"column":31},"end":{"line":39,"column":35}}],"line":39}},"s":{"0":1,"1":1,"2":1,"3":1,"4":1,"5":1,"6":1,"7":1,"8":1,"9":3,"10":1,"11":1,"12":1,"13":1,"14":1,"15":1,"16":1,"17":1,"18":1,"19":1,"20":1,"21":1},"f":{"0":3,"1":1,"2":1,"3":1},"b":{"0":[2,1],"1":[3,3],"2":[1,1]},"_coverageSchema":"d34fc3e6b8297bcde183f5492bcb8fcb36775295","hash":"7562dc1d061487bade208121138abc01c948563a","contentHash":"77bc92065f5f6a67e1992ea7e7251e50"},"C:\\Users\\ATANDA\\Desktop\\AbdulAzeez Career Files DONT DELETE PLEASE\\FastFoodFast\\server\\router\\api1.js":{"path":"C:\\Users\\ATANDA\\Desktop\\AbdulAzeez Career Files DONT DELETE PLEASE\\FastFoodFast\\server\\router\\api1.js","statementMap":{"0":{"start":{"line":3,"column":0},"end":{"line":5,"column":3}},"1":{"start":{"line":7,"column":15},"end":{"line":7,"column":33}},"2":{"start":{"line":9,"column":14},"end":{"line":9,"column":31}},"3":{"start":{"line":11,"column":15},"end":{"line":11,"column":46}},"4":{"start":{"line":13,"column":17},"end":{"line":13,"column":45}},"5":{"start":{"line":15,"column":18},"end":{"line":15,"column":52}},"6":{"start":{"line":17,"column":14},"end":{"line":17,"column":49}},"7":{"start":{"line":19,"column":15},"end":{"line":19,"column":46}},"8":{"start":{"line":21,"column":16},"end":{"line":21,"column":43}},"9":{"start":{"line":23,"column":17},"end":{"line":23,"column":50}},"10":{"start":{"line":25,"column":17},"end":{"line":25,"column":54}},"11":{"start":{"line":27,"column":17},"end":{"line":27,"column":51}},"12":{"start":{"line":29,"column":19},"end":{"line":29,"column":49}},"13":{"start":{"line":31,"column":20},"end":{"line":31,"column":56}},"14":{"start":{"line":33,"column":20},"end":{"line":33,"column":60}},"15":{"start":{"line":35,"column":20},"end":{"line":35,"column":57}},"16":{"start":{"line":37,"column":13},"end":{"line":37,"column":37}},"17":{"start":{"line":39,"column":14},"end":{"line":39,"column":44}},"18":{"start":{"line":41,"column":14},"end":{"line":41,"column":48}},"19":{"start":{"line":43,"column":14},"end":{"line":43,"column":45}},"20":{"start":{"line":45,"column":12},"end":{"line":45,"column":44}},"21":{"start":{"line":47,"column":13},"end":{"line":47,"column":42}},"22":{"start":{"line":49,"column":14},"end":{"line":49,"column":49}},"23":{"start":{"line":51,"column":15},"end":{"line":51,"column":46}},"24":{"start":{"line":53,"column":14},"end":{"line":53,"column":49}},"25":{"start":{"line":55,"column":15},"end":{"line":55,"column":46}},"26":{"start":{"line":57,"column":20},"end":{"line":57,"column":61}},"27":{"start":{"line":59,"column":21},"end":{"line":59,"column":58}},"28":{"start":{"line":61,"column":15},"end":{"line":61,"column":51}},"29":{"start":{"line":63,"column":16},"end":{"line":63,"column":48}},"30":{"start":{"line":65,"column":15},"end":{"line":65,"column":51}},"31":{"start":{"line":67,"column":16},"end":{"line":67,"column":48}},"32":{"start":{"line":69,"column":39},"end":{"line":69,"column":93}},"33":{"start":{"line":71,"column":0},"end":{"line":71,"column":26}},"34":{"start":{"line":72,"column":12},"end":{"line":72,"column":73}},"35":{"start":{"line":73,"column":13},"end":{"line":73,"column":79}},"36":{"start":{"line":74,"column":15},"end":{"line":74,"column":82}},"37":{"start":{"line":75,"column":18},"end":{"line":75,"column":91}},"38":{"start":{"line":77,"column":10},"end":{"line":77,"column":32}},"39":{"start":{"line":78,"column":0},"end":{"line":78,"column":30}},"40":{"start":{"line":80,"column":0},"end":{"line":80,"column":42}},"41":{"start":{"line":81,"column":0},"end":{"line":81,"column":43}},"42":{"start":{"line":82,"column":0},"end":{"line":82,"column":43}},"43":{"start":{"line":83,"column":0},"end":{"line":83,"column":46}},"44":{"start":{"line":84,"column":0},"end":{"line":84,"column":74}},"45":{"start":{"line":85,"column":0},"end":{"line":85,"column":53}},"46":{"start":{"line":86,"column":0},"end":{"line":86,"column":52}},"47":{"start":{"line":87,"column":0},"end":{"line":87,"column":46}},"48":{"start":{"line":88,"column":0},"end":{"line":88,"column":52}},"49":{"start":{"line":90,"column":0},"end":{"line":90,"column":22}}},"fnMap":{"0":{"name":"_interopRequireDefault","decl":{"start":{"line":69,"column":9},"end":{"line":69,"column":31}},"loc":{"start":{"line":69,"column":37},"end":{"line":69,"column":95}},"line":69}},"branchMap":{"0":{"loc":{"start":{"line":69,"column":46},"end":{"line":69,"column":92}},"type":"cond-expr","locations":[{"start":{"line":69,"column":70},"end":{"line":69,"column":73}},{"start":{"line":69,"column":76},"end":{"line":69,"column":92}}],"line":69},"1":{"loc":{"start":{"line":69,"column":46},"end":{"line":69,"column":67}},"type":"binary-expr","locations":[{"start":{"line":69,"column":46},"end":{"line":69,"column":49}},{"start":{"line":69,"column":53},"end":{"line":69,"column":67}}],"line":69},"2":{"loc":{"start":{"line":72,"column":12},"end":{"line":72,"column":73}},"type":"cond-expr","locations":[{"start":{"line":72,"column":40},"end":{"line":72,"column":55}},{"start":{"line":72,"column":58},"end":{"line":72,"column":73}}],"line":72},"3":{"loc":{"start":{"line":73,"column":13},"end":{"line":73,"column":79}},"type":"cond-expr","locations":[{"start":{"line":73,"column":41},"end":{"line":73,"column":57}},{"start":{"line":73,"column":60},"end":{"line":73,"column":79}}],"line":73},"4":{"loc":{"start":{"line":74,"column":15},"end":{"line":74,"column":82}},"type":"cond-expr","locations":[{"start":{"line":74,"column":43},"end":{"line":74,"column":61}},{"start":{"line":74,"column":64},"end":{"line":74,"column":82}}],"line":74},"5":{"loc":{"start":{"line":75,"column":18},"end":{"line":75,"column":91}},"type":"cond-expr","locations":[{"start":{"line":75,"column":46},"end":{"line":75,"column":67}},{"start":{"line":75,"column":70},"end":{"line":75,"column":91}}],"line":75}},"s":{"0":1,"1":1,"2":1,"3":1,"4":1,"5":1,"6":1,"7":1,"8":1,"9":1,"10":1,"11":1,"12":1,"13":1,"14":1,"15":1,"16":1,"17":1,"18":1,"19":1,"20":1,"21":1,"22":1,"23":1,"24":1,"25":1,"26":1,"27":1,"28":1,"29":1,"30":1,"31":1,"32":15,"33":1,"34":1,"35":1,"36":1,"37":1,"38":1,"39":1,"40":1,"41":1,"42":1,"43":1,"44":1,"45":1,"46":1,"47":1,"48":1,"49":1},"f":{"0":15},"b":{"0":[14,1],"1":[15,15],"2":[1,0],"3":[1,0],"4":[1,0],"5":[1,0]},"_coverageSchema":"d34fc3e6b8297bcde183f5492bcb8fcb36775295","hash":"e8d99151dc660d34d87fb43427954c0b6a37d9a1","contentHash":"cf8171933d5f0687846616d3b4ff3b93"},"C:\\Users\\ATANDA\\Desktop\\AbdulAzeez Career Files DONT DELETE PLEASE\\FastFoodFast\\server\\data\\getOrders.js":{"path":"C:\\Users\\ATANDA\\Desktop\\AbdulAzeez Career Files DONT DELETE PLEASE\\FastFoodFast\\server\\data\\getOrders.js","statementMap":{"0":{"start":{"line":3,"column":0},"end":{"line":5,"column":3}},"1":{"start":{"line":7,"column":14},"end":{"line":7,"column":33}},"2":{"start":{"line":9,"column":15},"end":{"line":9,"column":46}},"3":{"start":{"line":11,"column":39},"end":{"line":11,"column":93}},"4":{"start":{"line":13,"column":16},"end":{"line":15,"column":1}},"5":{"start":{"line":14,"column":2},"end":{"line":14,"column":41}},"6":{"start":{"line":16,"column":0},"end":{"line":16,"column":28}}},"fnMap":{"0":{"name":"_interopRequireDefault","decl":{"start":{"line":11,"column":9},"end":{"line":11,"column":31}},"loc":{"start":{"line":11,"column":37},"end":{"line":11,"column":95}},"line":11},"1":{"name":"getOrders","decl":{"start":{"line":13,"column":25},"end":{"line":13,"column":34}},"loc":{"start":{"line":13,"column":45},"end":{"line":15,"column":1}},"line":13}},"branchMap":{"0":{"loc":{"start":{"line":11,"column":46},"end":{"line":11,"column":92}},"type":"cond-expr","locations":[{"start":{"line":11,"column":70},"end":{"line":11,"column":73}},{"start":{"line":11,"column":76},"end":{"line":11,"column":92}}],"line":11},"1":{"loc":{"start":{"line":11,"column":46},"end":{"line":11,"column":67}},"type":"binary-expr","locations":[{"start":{"line":11,"column":46},"end":{"line":11,"column":49}},{"start":{"line":11,"column":53},"end":{"line":11,"column":67}}],"line":11}},"s":{"0":1,"1":1,"2":1,"3":1,"4":1,"5":0,"6":1},"f":{"0":1,"1":0},"b":{"0":[1,0],"1":[1,1]},"_coverageSchema":"d34fc3e6b8297bcde183f5492bcb8fcb36775295","hash":"70236081b33c86ede6a8050c835e3420f487b110","contentHash":"85199ef61618f3294d504a037a779a06"},"C:\\Users\\ATANDA\\Desktop\\AbdulAzeez Career Files DONT DELETE PLEASE\\FastFoodFast\\server\\data\\orders.js":{"path":"C:\\Users\\ATANDA\\Desktop\\AbdulAzeez Career Files DONT DELETE PLEASE\\FastFoodFast\\server\\data\\orders.js","statementMap":{"0":{"start":{"line":3,"column":0},"end":{"line":5,"column":3}},"1":{"start":{"line":6,"column":13},"end":{"line":50,"column":2}},"2":{"start":{"line":52,"column":0},"end":{"line":52,"column":25}}},"fnMap":{},"branchMap":{},"s":{"0":1,"1":1,"2":1},"f":{},"b":{},"_coverageSchema":"d34fc3e6b8297bcde183f5492bcb8fcb36775295","hash":"eff4f8ef8d85eaca330649c0492d13c6cb0b96c1","contentHash":"1b0696ef780b13a6d4e5d3a7c3f0813c"},"C:\\Users\\ATANDA\\Desktop\\AbdulAzeez Career Files DONT DELETE PLEASE\\FastFoodFast\\server\\DB\\controllers\\orders.js":{"path":"C:\\Users\\ATANDA\\Desktop\\AbdulAzeez Career Files DONT DELETE PLEASE\\FastFoodFast\\server\\DB\\controllers\\orders.js","statementMap":{"0":{"start":{"line":3,"column":0},"end":{"line":5,"column":3}},"1":{"start":{"line":7,"column":10},"end":{"line":7,"column":26}},"2":{"start":{"line":9,"column":11},"end":{"line":9,"column":38}},"3":{"start":{"line":11,"column":39},"end":{"line":11,"column":93}},"4":{"start":{"line":13,"column":33},"end":{"line":13,"column":456}},"5":{"start":{"line":13,"column":64},"end":{"line":13,"column":89}},"6":{"start":{"line":13,"column":91},"end":{"line":13,"column":453}},"7":{"start":{"line":13,"column":165},"end":{"line":13,"column":263}},"8":{"start":{"line":13,"column":182},"end":{"line":13,"column":195}},"9":{"start":{"line":13,"column":209},"end":{"line":13,"column":219}},"10":{"start":{"line":13,"column":239},"end":{"line":13,"column":253}},"11":{"start":{"line":13,"column":254},"end":{"line":13,"column":261}},"12":{"start":{"line":13,"column":264},"end":{"line":13,"column":426}},"13":{"start":{"line":13,"column":281},"end":{"line":13,"column":296}},"14":{"start":{"line":13,"column":306},"end":{"line":13,"column":424}},"15":{"start":{"line":13,"column":360},"end":{"line":13,"column":380}},"16":{"start":{"line":13,"column":401},"end":{"line":13,"column":420}},"17":{"start":{"line":13,"column":429},"end":{"line":13,"column":449}},"18":{"start":{"line":15,"column":13},"end":{"line":50,"column":1}},"19":{"start":{"line":17,"column":16},"end":{"line":17,"column":20}},"20":{"start":{"line":19,"column":4},"end":{"line":48,"column":10}},"21":{"start":{"line":22,"column":6},"end":{"line":47,"column":36}},"22":{"start":{"line":23,"column":8},"end":{"line":46,"column":9}},"23":{"start":{"line":24,"column":10},"end":{"line":45,"column":11}},"24":{"start":{"line":26,"column":14},"end":{"line":26,"column":52}},"25":{"start":{"line":27,"column":14},"end":{"line":27,"column":32}},"26":{"start":{"line":28,"column":14},"end":{"line":28,"column":32}},"27":{"start":{"line":29,"column":14},"end":{"line":29,"column":54}},"28":{"start":{"line":32,"column":14},"end":{"line":32,"column":35}},"29":{"start":{"line":33,"column":14},"end":{"line":33,"column":31}},"30":{"start":{"line":34,"column":14},"end":{"line":34,"column":39}},"31":{"start":{"line":35,"column":14},"end":{"line":35,"column":105}},"32":{"start":{"line":38,"column":14},"end":{"line":38,"column":33}},"33":{"start":{"line":39,"column":14},"end":{"line":39,"column":49}},"34":{"start":{"line":40,"column":14},"end":{"line":40,"column":82}},"35":{"start":{"line":44,"column":14},"end":{"line":44,"column":37}},"36":{"start":{"line":52,"column":0},"end":{"line":52,"column":32}}},"fnMap":{"0":{"name":"_interopRequireDefault","decl":{"start":{"line":11,"column":9},"end":{"line":11,"column":31}},"loc":{"start":{"line":11,"column":37},"end":{"line":11,"column":95}},"line":11},"1":{"name":"_asyncToGenerator","decl":{"start":{"line":13,"column":9},"end":{"line":13,"column":26}},"loc":{"start":{"line":13,"column":31},"end":{"line":13,"column":458}},"line":13},"2":{"name":"(anonymous_2)","decl":{"start":{"line":13,"column":40},"end":{"line":13,"column":41}},"loc":{"start":{"line":13,"column":52},"end":{"line":13,"column":455}},"line":13},"3":{"name":"(anonymous_3)","decl":{"start":{"line":13,"column":110},"end":{"line":13,"column":111}},"loc":{"start":{"line":13,"column":137},"end":{"line":13,"column":451}},"line":13},"4":{"name":"step","decl":{"start":{"line":13,"column":148},"end":{"line":13,"column":152}},"loc":{"start":{"line":13,"column":163},"end":{"line":13,"column":428}},"line":13},"5":{"name":"(anonymous_5)","decl":{"start":{"line":13,"column":341},"end":{"line":13,"column":342}},"loc":{"start":{"line":13,"column":358},"end":{"line":13,"column":382}},"line":13},"6":{"name":"(anonymous_6)","decl":{"start":{"line":13,"column":384},"end":{"line":13,"column":385}},"loc":{"start":{"line":13,"column":399},"end":{"line":13,"column":422}},"line":13},"7":{"name":"orders","decl":{"start":{"line":16,"column":19},"end":{"line":16,"column":25}},"loc":{"start":{"line":16,"column":36},"end":{"line":49,"column":3}},"line":16},"8":{"name":"_callee","decl":{"start":{"line":19,"column":76},"end":{"line":19,"column":83}},"loc":{"start":{"line":19,"column":86},"end":{"line":48,"column":5}},"line":19},"9":{"name":"_callee$","decl":{"start":{"line":22,"column":46},"end":{"line":22,"column":54}},"loc":{"start":{"line":22,"column":65},"end":{"line":47,"column":7}},"line":22}},"branchMap":{"0":{"loc":{"start":{"line":11,"column":46},"end":{"line":11,"column":92}},"type":"cond-expr","locations":[{"start":{"line":11,"column":70},"end":{"line":11,"column":73}},{"start":{"line":11,"column":76},"end":{"line":11,"column":92}}],"line":11},"1":{"loc":{"start":{"line":11,"column":46},"end":{"line":11,"column":67}},"type":"binary-expr","locations":[{"start":{"line":11,"column":46},"end":{"line":11,"column":49}},{"start":{"line":11,"column":53},"end":{"line":11,"column":67}}],"line":11},"2":{"loc":{"start":{"line":13,"column":264},"end":{"line":13,"column":426}},"type":"if","locations":[{"start":{"line":13,"column":264},"end":{"line":13,"column":426}},{"start":{"line":13,"column":264},"end":{"line":13,"column":426}}],"line":13},"3":{"loc":{"start":{"line":24,"column":10},"end":{"line":45,"column":11}},"type":"switch","locations":[{"start":{"line":25,"column":12},"end":{"line":29,"column":54}},{"start":{"line":31,"column":12},"end":{"line":35,"column":105}},{"start":{"line":37,"column":12},"end":{"line":40,"column":82}},{"start":{"line":42,"column":12},"end":{"line":42,"column":20}},{"start":{"line":43,"column":12},"end":{"line":44,"column":37}}],"line":24}},"s":{"0":1,"1":1,"2":1,"3":1,"4":0,"5":0,"6":0,"7":0,"8":0,"9":0,"10":0,"11":0,"12":0,"13":0,"14":0,"15":0,"16":0,"17":0,"18":1,"19":0,"20":0,"21":0,"22":0,"23":0,"24":0,"25":0,"26":0,"27":0,"28":0,"29":0,"30":0,"31":0,"32":0,"33":0,"34":0,"35":0,"36":1},"f":{"0":1,"1":0,"2":0,"3":0,"4":0,"5":0,"6":0,"7":0,"8":0,"9":0},"b":{"0":[1,0],"1":[1,1],"2":[0,0],"3":[0,0,0,0,0]},"_coverageSchema":"d34fc3e6b8297bcde183f5492bcb8fcb36775295","hash":"f11a0006f01c6922c2e2226b7e07d03802c9fb09","contentHash":"016730fdcb3a17eec517ff09080421d8"},"C:\\Users\\ATANDA\\Desktop\\AbdulAzeez Career Files DONT DELETE PLEASE\\FastFoodFast\\server\\DB\\db\\index.js":{"path":"C:\\Users\\ATANDA\\Desktop\\AbdulAzeez Career Files DONT DELETE PLEASE\\FastFoodFast\\server\\DB\\db\\index.js","statementMap":{"0":{"start":{"line":3,"column":0},"end":{"line":5,"column":3}},"1":{"start":{"line":7,"column":10},"end":{"line":7,"column":23}},"2":{"start":{"line":9,"column":14},"end":{"line":9,"column":31}},"3":{"start":{"line":11,"column":15},"end":{"line":11,"column":46}},"4":{"start":{"line":13,"column":39},"end":{"line":13,"column":93}},"5":{"start":{"line":15,"column":0},"end":{"line":15,"column":26}},"6":{"start":{"line":17,"column":11},"end":{"line":17,"column":17}},"7":{"start":{"line":18,"column":0},"end":{"line":20,"column":3}},"8":{"start":{"line":22,"column":0},"end":{"line":26,"column":1}},"9":{"start":{"line":23,"column":2},"end":{"line":25,"column":5}},"10":{"start":{"line":28,"column":0},"end":{"line":38,"column":2}},"11":{"start":{"line":30,"column":4},"end":{"line":36,"column":7}},"12":{"start":{"line":31,"column":6},"end":{"line":35,"column":9}},"13":{"start":{"line":32,"column":8},"end":{"line":32,"column":21}},"14":{"start":{"line":34,"column":8},"end":{"line":34,"column":20}}},"fnMap":{"0":{"name":"_interopRequireDefault","decl":{"start":{"line":13,"column":9},"end":{"line":13,"column":31}},"loc":{"start":{"line":13,"column":37},"end":{"line":13,"column":95}},"line":13},"1":{"name":"query","decl":{"start":{"line":29,"column":18},"end":{"line":29,"column":23}},"loc":{"start":{"line":29,"column":38},"end":{"line":37,"column":3}},"line":29},"2":{"name":"(anonymous_2)","decl":{"start":{"line":30,"column":23},"end":{"line":30,"column":24}},"loc":{"start":{"line":30,"column":50},"end":{"line":36,"column":5}},"line":30},"3":{"name":"(anonymous_3)","decl":{"start":{"line":31,"column":36},"end":{"line":31,"column":37}},"loc":{"start":{"line":31,"column":51},"end":{"line":33,"column":7}},"line":31},"4":{"name":"(anonymous_4)","decl":{"start":{"line":33,"column":15},"end":{"line":33,"column":16}},"loc":{"start":{"line":33,"column":30},"end":{"line":35,"column":7}},"line":33}},"branchMap":{"0":{"loc":{"start":{"line":13,"column":46},"end":{"line":13,"column":92}},"type":"cond-expr","locations":[{"start":{"line":13,"column":70},"end":{"line":13,"column":73}},{"start":{"line":13,"column":76},"end":{"line":13,"column":92}}],"line":13},"1":{"loc":{"start":{"line":13,"column":46},"end":{"line":13,"column":67}},"type":"binary-expr","locations":[{"start":{"line":13,"column":46},"end":{"line":13,"column":49}},{"start":{"line":13,"column":53},"end":{"line":13,"column":67}}],"line":13},"2":{"loc":{"start":{"line":22,"column":0},"end":{"line":26,"column":1}},"type":"if","locations":[{"start":{"line":22,"column":0},"end":{"line":26,"column":1}},{"start":{"line":22,"column":0},"end":{"line":26,"column":1}}],"line":22}},"s":{"0":1,"1":1,"2":1,"3":1,"4":1,"5":1,"6":1,"7":1,"8":1,"9":0,"10":1,"11":1,"12":1,"13":1,"14":0},"f":{"0":1,"1":1,"2":1,"3":1,"4":0},"b":{"0":[0,1],"1":[1,1],"2":[0,1]},"_coverageSchema":"d34fc3e6b8297bcde183f5492bcb8fcb36775295","hash":"6bb8c5335e65ad75882be5b0e08a29193788c60d","contentHash":"d5c106cc324144153d35ebbb26116b5b"},"C:\\Users\\ATANDA\\Desktop\\AbdulAzeez Career Files DONT DELETE PLEASE\\FastFoodFast\\server\\data\\newOrder.js":{"path":"C:\\Users\\ATANDA\\Desktop\\AbdulAzeez Career Files DONT DELETE PLEASE\\FastFoodFast\\server\\data\\newOrder.js","statementMap":{"0":{"start":{"line":3,"column":0},"end":{"line":5,"column":3}},"1":{"start":{"line":7,"column":14},"end":{"line":7,"column":33}},"2":{"start":{"line":9,"column":15},"end":{"line":9,"column":46}},"3":{"start":{"line":11,"column":17},"end":{"line":11,"column":50}},"4":{"start":{"line":13,"column":18},"end":{"line":13,"column":52}},"5":{"start":{"line":15,"column":39},"end":{"line":15,"column":93}},"6":{"start":{"line":17,"column":15},"end":{"line":36,"column":1}},"7":{"start":{"line":18,"column":2},"end":{"line":18,"column":84}},"8":{"start":{"line":19,"column":2},"end":{"line":19,"column":79}},"9":{"start":{"line":20,"column":2},"end":{"line":20,"column":92}},"10":{"start":{"line":21,"column":2},"end":{"line":21,"column":93}},"11":{"start":{"line":22,"column":2},"end":{"line":22,"column":86}},"12":{"start":{"line":24,"column":10},"end":{"line":24,"column":20}},"13":{"start":{"line":25,"column":14},"end":{"line":32,"column":3}},"14":{"start":{"line":34,"column":2},"end":{"line":34,"column":31}},"15":{"start":{"line":35,"column":2},"end":{"line":35,"column":37}},"16":{"start":{"line":38,"column":0},"end":{"line":38,"column":27}}},"fnMap":{"0":{"name":"_interopRequireDefault","decl":{"start":{"line":15,"column":9},"end":{"line":15,"column":31}},"loc":{"start":{"line":15,"column":37},"end":{"line":15,"column":95}},"line":15},"1":{"name":"newOrder","decl":{"start":{"line":17,"column":24},"end":{"line":17,"column":32}},"loc":{"start":{"line":17,"column":43},"end":{"line":36,"column":1}},"line":17}},"branchMap":{"0":{"loc":{"start":{"line":15,"column":46},"end":{"line":15,"column":92}},"type":"cond-expr","locations":[{"start":{"line":15,"column":70},"end":{"line":15,"column":73}},{"start":{"line":15,"column":76},"end":{"line":15,"column":92}}],"line":15},"1":{"loc":{"start":{"line":15,"column":46},"end":{"line":15,"column":67}},"type":"binary-expr","locations":[{"start":{"line":15,"column":46},"end":{"line":15,"column":49}},{"start":{"line":15,"column":53},"end":{"line":15,"column":67}}],"line":15}},"s":{"0":1,"1":1,"2":1,"3":1,"4":1,"5":2,"6":1,"7":0,"8":0,"9":0,"10":0,"11":0,"12":0,"13":0,"14":0,"15":0,"16":1},"f":{"0":2,"1":0},"b":{"0":[2,0],"1":[2,2]},"_coverageSchema":"d34fc3e6b8297bcde183f5492bcb8fcb36775295","hash":"e1d7e6b1ea6a93a1912c12529f31acd43e6d4537","contentHash":"e43b4328109cbe4f677c10e7cfe5a68c"},"C:\\Users\\ATANDA\\Desktop\\AbdulAzeez Career Files DONT DELETE PLEASE\\FastFoodFast\\server\\Validator\\Validator.js":{"path":"C:\\Users\\ATANDA\\Desktop\\AbdulAzeez Career Files DONT DELETE PLEASE\\FastFoodFast\\server\\Validator\\Validator.js","statementMap":{"0":{"start":{"line":3,"column":0},"end":{"line":5,"column":3}},"1":{"start":{"line":7,"column":14},"end":{"line":7,"column":268}},"2":{"start":{"line":7,"column":101},"end":{"line":7,"column":119}},"3":{"start":{"line":7,"column":141},"end":{"line":7,"column":266}},"4":{"start":{"line":9,"column":17},"end":{"line":66,"column":1}},"5":{"start":{"line":10,"column":2},"end":{"line":64,"column":3}},"6":{"start":{"line":12,"column":6},"end":{"line":17,"column":7}},"7":{"start":{"line":13,"column":8},"end":{"line":16,"column":10}},"8":{"start":{"line":18,"column":6},"end":{"line":18,"column":12}},"9":{"start":{"line":20,"column":6},"end":{"line":25,"column":7}},"10":{"start":{"line":21,"column":8},"end":{"line":24,"column":10}},"11":{"start":{"line":26,"column":6},"end":{"line":26,"column":12}},"12":{"start":{"line":28,"column":6},"end":{"line":33,"column":7}},"13":{"start":{"line":29,"column":8},"end":{"line":32,"column":10}},"14":{"start":{"line":34,"column":6},"end":{"line":34,"column":12}},"15":{"start":{"line":36,"column":6},"end":{"line":41,"column":7}},"16":{"start":{"line":37,"column":8},"end":{"line":40,"column":10}},"17":{"start":{"line":42,"column":6},"end":{"line":42,"column":12}},"18":{"start":{"line":44,"column":6},"end":{"line":49,"column":7}},"19":{"start":{"line":45,"column":8},"end":{"line":48,"column":10}},"20":{"start":{"line":50,"column":6},"end":{"line":50,"column":12}},"21":{"start":{"line":52,"column":6},"end":{"line":57,"column":7}},"22":{"start":{"line":53,"column":8},"end":{"line":56,"column":10}},"23":{"start":{"line":58,"column":6},"end":{"line":58,"column":12}},"24":{"start":{"line":60,"column":6},"end":{"line":63,"column":8}},"25":{"start":{"line":65,"column":2},"end":{"line":65,"column":14}},"26":{"start":{"line":67,"column":16},"end":{"line":79,"column":1}},"27":{"start":{"line":68,"column":17},"end":{"line":68,"column":90}},"28":{"start":{"line":69,"column":17},"end":{"line":69,"column":29}},"29":{"start":{"line":71,"column":2},"end":{"line":77,"column":3}},"30":{"start":{"line":72,"column":17},"end":{"line":72,"column":58}},"31":{"start":{"line":73,"column":4},"end":{"line":76,"column":5}},"32":{"start":{"line":74,"column":6},"end":{"line":74,"column":44}},"33":{"start":{"line":74,"column":31},"end":{"line":74,"column":44}},"34":{"start":{"line":75,"column":6},"end":{"line":75,"column":47}},"35":{"start":{"line":78,"column":2},"end":{"line":78,"column":14}},"36":{"start":{"line":81,"column":0},"end":{"line":81,"column":28}}},"fnMap":{"0":{"name":"(anonymous_0)","decl":{"start":{"line":7,"column":84},"end":{"line":7,"column":85}},"loc":{"start":{"line":7,"column":99},"end":{"line":7,"column":121}},"line":7},"1":{"name":"(anonymous_1)","decl":{"start":{"line":7,"column":124},"end":{"line":7,"column":125}},"loc":{"start":{"line":7,"column":139},"end":{"line":7,"column":268}},"line":7},"2":{"name":"validateAs","decl":{"start":{"line":9,"column":26},"end":{"line":9,"column":36}},"loc":{"start":{"line":9,"column":63},"end":{"line":66,"column":1}},"line":9},"3":{"name":"Validator","decl":{"start":{"line":67,"column":25},"end":{"line":67,"column":34}},"loc":{"start":{"line":67,"column":53},"end":{"line":79,"column":1}},"line":67}},"branchMap":{"0":{"loc":{"start":{"line":7,"column":14},"end":{"line":7,"column":268}},"type":"cond-expr","locations":[{"start":{"line":7,"column":84},"end":{"line":7,"column":121}},{"start":{"line":7,"column":124},"end":{"line":7,"column":268}}],"line":7},"1":{"loc":{"start":{"line":7,"column":14},"end":{"line":7,"column":81}},"type":"binary-expr","locations":[{"start":{"line":7,"column":14},"end":{"line":7,"column":42}},{"start":{"line":7,"column":46},"end":{"line":7,"column":81}}],"line":7},"2":{"loc":{"start":{"line":7,"column":148},"end":{"line":7,"column":265}},"type":"cond-expr","locations":[{"start":{"line":7,"column":244},"end":{"line":7,"column":252}},{"start":{"line":7,"column":255},"end":{"line":7,"column":265}}],"line":7},"3":{"loc":{"start":{"line":7,"column":148},"end":{"line":7,"column":241}},"type":"binary-expr","locations":[{"start":{"line":7,"column":148},"end":{"line":7,"column":151}},{"start":{"line":7,"column":155},"end":{"line":7,"column":183}},{"start":{"line":7,"column":187},"end":{"line":7,"column":213}},{"start":{"line":7,"column":217},"end":{"line":7,"column":241}}],"line":7},"4":{"loc":{"start":{"line":10,"column":2},"end":{"line":64,"column":3}},"type":"switch","locations":[{"start":{"line":11,"column":4},"end":{"line":18,"column":12}},{"start":{"line":19,"column":4},"end":{"line":26,"column":12}},{"start":{"line":27,"column":4},"end":{"line":34,"column":12}},{"start":{"line":35,"column":4},"end":{"line":42,"column":12}},{"start":{"line":43,"column":4},"end":{"line":50,"column":12}},{"start":{"line":51,"column":4},"end":{"line":58,"column":12}},{"start":{"line":59,"column":4},"end":{"line":63,"column":8}}],"line":10},"5":{"loc":{"start":{"line":12,"column":6},"end":{"line":17,"column":7}},"type":"if","locations":[{"start":{"line":12,"column":6},"end":{"line":17,"column":7}},{"start":{"line":12,"column":6},"end":{"line":17,"column":7}}],"line":12},"6":{"loc":{"start":{"line":20,"column":6},"end":{"line":25,"column":7}},"type":"if","locations":[{"start":{"line":20,"column":6},"end":{"line":25,"column":7}},{"start":{"line":20,"column":6},"end":{"line":25,"column":7}}],"line":20},"7":{"loc":{"start":{"line":28,"column":6},"end":{"line":33,"column":7}},"type":"if","locations":[{"start":{"line":28,"column":6},"end":{"line":33,"column":7}},{"start":{"line":28,"column":6},"end":{"line":33,"column":7}}],"line":28},"8":{"loc":{"start":{"line":28,"column":10},"end":{"line":28,"column":63}},"type":"binary-expr","locations":[{"start":{"line":28,"column":10},"end":{"line":28,"column":35}},{"start":{"line":28,"column":39},"end":{"line":28,"column":63}}],"line":28},"9":{"loc":{"start":{"line":36,"column":6},"end":{"line":41,"column":7}},"type":"if","locations":[{"start":{"line":36,"column":6},"end":{"line":41,"column":7}},{"start":{"line":36,"column":6},"end":{"line":41,"column":7}}],"line":36},"10":{"loc":{"start":{"line":44,"column":6},"end":{"line":49,"column":7}},"type":"if","locations":[{"start":{"line":44,"column":6},"end":{"line":49,"column":7}},{"start":{"line":44,"column":6},"end":{"line":49,"column":7}}],"line":44},"11":{"loc":{"start":{"line":52,"column":6},"end":{"line":57,"column":7}},"type":"if","locations":[{"start":{"line":52,"column":6},"end":{"line":57,"column":7}},{"start":{"line":52,"column":6},"end":{"line":57,"column":7}}],"line":52},"12":{"loc":{"start":{"line":52,"column":11},"end":{"line":52,"column":68}},"type":"cond-expr","locations":[{"start":{"line":52,"column":41},"end":{"line":52,"column":52}},{"start":{"line":52,"column":55},"end":{"line":52,"column":68}}],"line":52},"13":{"loc":{"start":{"line":68,"column":17},"end":{"line":68,"column":90}},"type":"cond-expr","locations":[{"start":{"line":68,"column":70},"end":{"line":68,"column":82}},{"start":{"line":68,"column":85},"end":{"line":68,"column":90}}],"line":68},"14":{"loc":{"start":{"line":68,"column":17},"end":{"line":68,"column":67}},"type":"binary-expr","locations":[{"start":{"line":68,"column":17},"end":{"line":68,"column":37}},{"start":{"line":68,"column":41},"end":{"line":68,"column":67}}],"line":68},"15":{"loc":{"start":{"line":73,"column":4},"end":{"line":76,"column":5}},"type":"if","locations":[{"start":{"line":73,"column":4},"end":{"line":76,"column":5}},{"start":{"line":73,"column":4},"end":{"line":76,"column":5}}],"line":73},"16":{"loc":{"start":{"line":74,"column":6},"end":{"line":74,"column":44}},"type":"if","locations":[{"start":{"line":74,"column":6},"end":{"line":74,"column":44}},{"start":{"line":74,"column":6},"end":{"line":74,"column":44}}],"line":74}},"s":{"0":1,"1":1,"2":0,"3":0,"4":1,"5":0,"6":0,"7":0,"8":0,"9":0,"10":0,"11":0,"12":0,"13":0,"14":0,"15":0,"16":0,"17":0,"18":0,"19":0,"20":0,"21":0,"22":0,"23":0,"24":0,"25":0,"26":1,"27":0,"28":0,"29":0,"30":0,"31":0,"32":0,"33":0,"34":0,"35":0,"36":1},"f":{"0":0,"1":0,"2":0,"3":0},"b":{"0":[1,0],"1":[1,1],"2":[0,0],"3":[0,0,0,0],"4":[0,0,0,0,0,0,0],"5":[0,0],"6":[0,0],"7":[0,0],"8":[0,0],"9":[0,0],"10":[0,0],"11":[0,0],"12":[0,0],"13":[0,0],"14":[0,0],"15":[0,0],"16":[0,0]},"_coverageSchema":"d34fc3e6b8297bcde183f5492bcb8fcb36775295","hash":"4ae7b714a2aa4a7dce2ab44f4fd605adac131ed0","contentHash":"abb4737302db9273e99ee78088f595e7"},"C:\\Users\\ATANDA\\Desktop\\AbdulAzeez Career Files DONT DELETE PLEASE\\FastFoodFast\\server\\DB\\controllers\\newOrder.js":{"path":"C:\\Users\\ATANDA\\Desktop\\AbdulAzeez Career Files DONT DELETE PLEASE\\FastFoodFast\\server\\DB\\controllers\\newOrder.js","statementMap":{"0":{"start":{"line":3,"column":0},"end":{"line":5,"column":3}},"1":{"start":{"line":7,"column":13},"end":{"line":7,"column":35}},"2":{"start":{"line":9,"column":14},"end":{"line":9,"column":44}},"3":{"start":{"line":11,"column":39},"end":{"line":11,"column":93}},"4":{"start":{"line":13,"column":33},"end":{"line":13,"column":456}},"5":{"start":{"line":13,"column":64},"end":{"line":13,"column":89}},"6":{"start":{"line":13,"column":91},"end":{"line":13,"column":453}},"7":{"start":{"line":13,"column":165},"end":{"line":13,"column":263}},"8":{"start":{"line":13,"column":182},"end":{"line":13,"column":195}},"9":{"start":{"line":13,"column":209},"end":{"line":13,"column":219}},"10":{"start":{"line":13,"column":239},"end":{"line":13,"column":253}},"11":{"start":{"line":13,"column":254},"end":{"line":13,"column":261}},"12":{"start":{"line":13,"column":264},"end":{"line":13,"column":426}},"13":{"start":{"line":13,"column":281},"end":{"line":13,"column":296}},"14":{"start":{"line":13,"column":306},"end":{"line":13,"column":424}},"15":{"start":{"line":13,"column":360},"end":{"line":13,"column":380}},"16":{"start":{"line":13,"column":401},"end":{"line":13,"column":420}},"17":{"start":{"line":13,"column":429},"end":{"line":13,"column":449}},"18":{"start":{"line":16,"column":15},"end":{"line":51,"column":1}},"19":{"start":{"line":18,"column":16},"end":{"line":18,"column":20}},"20":{"start":{"line":20,"column":4},"end":{"line":49,"column":10}},"21":{"start":{"line":23,"column":6},"end":{"line":48,"column":36}},"22":{"start":{"line":24,"column":8},"end":{"line":47,"column":9}},"23":{"start":{"line":25,"column":10},"end":{"line":46,"column":11}},"24":{"start":{"line":27,"column":14},"end":{"line":27,"column":188}},"25":{"start":{"line":28,"column":14},"end":{"line":28,"column":136}},"26":{"start":{"line":29,"column":14},"end":{"line":29,"column":32}},"27":{"start":{"line":30,"column":14},"end":{"line":30,"column":32}},"28":{"start":{"line":31,"column":14},"end":{"line":31,"column":57}},"29":{"start":{"line":34,"column":14},"end":{"line":34,"column":35}},"30":{"start":{"line":35,"column":14},"end":{"line":35,"column":31}},"31":{"start":{"line":36,"column":14},"end":{"line":36,"column":78}},"32":{"start":{"line":39,"column":14},"end":{"line":39,"column":33}},"33":{"start":{"line":40,"column":14},"end":{"line":40,"column":49}},"34":{"start":{"line":41,"column":14},"end":{"line":41,"column":82}},"35":{"start":{"line":45,"column":14},"end":{"line":45,"column":37}},"36":{"start":{"line":53,"column":0},"end":{"line":53,"column":36}}},"fnMap":{"0":{"name":"_interopRequireDefault","decl":{"start":{"line":11,"column":9},"end":{"line":11,"column":31}},"loc":{"start":{"line":11,"column":37},"end":{"line":11,"column":95}},"line":11},"1":{"name":"_asyncToGenerator","decl":{"start":{"line":13,"column":9},"end":{"line":13,"column":26}},"loc":{"start":{"line":13,"column":31},"end":{"line":13,"column":458}},"line":13},"2":{"name":"(anonymous_2)","decl":{"start":{"line":13,"column":40},"end":{"line":13,"column":41}},"loc":{"start":{"line":13,"column":52},"end":{"line":13,"column":455}},"line":13},"3":{"name":"(anonymous_3)","decl":{"start":{"line":13,"column":110},"end":{"line":13,"column":111}},"loc":{"start":{"line":13,"column":137},"end":{"line":13,"column":451}},"line":13},"4":{"name":"step","decl":{"start":{"line":13,"column":148},"end":{"line":13,"column":152}},"loc":{"start":{"line":13,"column":163},"end":{"line":13,"column":428}},"line":13},"5":{"name":"(anonymous_5)","decl":{"start":{"line":13,"column":341},"end":{"line":13,"column":342}},"loc":{"start":{"line":13,"column":358},"end":{"line":13,"column":382}},"line":13},"6":{"name":"(anonymous_6)","decl":{"start":{"line":13,"column":384},"end":{"line":13,"column":385}},"loc":{"start":{"line":13,"column":399},"end":{"line":13,"column":422}},"line":13},"7":{"name":"newOrder","decl":{"start":{"line":17,"column":21},"end":{"line":17,"column":29}},"loc":{"start":{"line":17,"column":40},"end":{"line":50,"column":3}},"line":17},"8":{"name":"_callee","decl":{"start":{"line":20,"column":76},"end":{"line":20,"column":83}},"loc":{"start":{"line":20,"column":86},"end":{"line":49,"column":5}},"line":20},"9":{"name":"_callee$","decl":{"start":{"line":23,"column":46},"end":{"line":23,"column":54}},"loc":{"start":{"line":23,"column":65},"end":{"line":48,"column":7}},"line":23}},"branchMap":{"0":{"loc":{"start":{"line":11,"column":46},"end":{"line":11,"column":92}},"type":"cond-expr","locations":[{"start":{"line":11,"column":70},"end":{"line":11,"column":73}},{"start":{"line":11,"column":76},"end":{"line":11,"column":92}}],"line":11},"1":{"loc":{"start":{"line":11,"column":46},"end":{"line":11,"column":67}},"type":"binary-expr","locations":[{"start":{"line":11,"column":46},"end":{"line":11,"column":49}},{"start":{"line":11,"column":53},"end":{"line":11,"column":67}}],"line":11},"2":{"loc":{"start":{"line":13,"column":264},"end":{"line":13,"column":426}},"type":"if","locations":[{"start":{"line":13,"column":264},"end":{"line":13,"column":426}},{"start":{"line":13,"column":264},"end":{"line":13,"column":426}}],"line":13},"3":{"loc":{"start":{"line":25,"column":10},"end":{"line":46,"column":11}},"type":"switch","locations":[{"start":{"line":26,"column":12},"end":{"line":31,"column":57}},{"start":{"line":33,"column":12},"end":{"line":36,"column":78}},{"start":{"line":38,"column":12},"end":{"line":41,"column":82}},{"start":{"line":43,"column":12},"end":{"line":43,"column":20}},{"start":{"line":44,"column":12},"end":{"line":45,"column":37}}],"line":25}},"s":{"0":1,"1":1,"2":1,"3":1,"4":0,"5":0,"6":0,"7":0,"8":0,"9":0,"10":0,"11":0,"12":0,"13":0,"14":0,"15":0,"16":0,"17":0,"18":1,"19":0,"20":0,"21":0,"22":0,"23":0,"24":0,"25":0,"26":0,"27":0,"28":0,"29":0,"30":0,"31":0,"32":0,"33":0,"34":0,"35":0,"36":1},"f":{"0":1,"1":0,"2":0,"3":0,"4":0,"5":0,"6":0,"7":0,"8":0,"9":0},"b":{"0":[1,0],"1":[1,1],"2":[0,0],"3":[0,0,0,0,0]},"_coverageSchema":"d34fc3e6b8297bcde183f5492bcb8fcb36775295","hash":"4d739056d66b903ab1e3dee722480f3dba211ecf","contentHash":"5edb51c112d290c693184c2cdedbbf7a"},"C:\\Users\\ATANDA\\Desktop\\AbdulAzeez Career Files DONT DELETE PLEASE\\FastFoodFast\\server\\data\\updateOrder.js":{"path":"C:\\Users\\ATANDA\\Desktop\\AbdulAzeez Career Files DONT DELETE PLEASE\\FastFoodFast\\server\\data\\updateOrder.js","statementMap":{"0":{"start":{"line":3,"column":0},"end":{"line":5,"column":3}},"1":{"start":{"line":7,"column":14},"end":{"line":7,"column":33}},"2":{"start":{"line":9,"column":15},"end":{"line":9,"column":46}},"3":{"start":{"line":11,"column":17},"end":{"line":11,"column":50}},"4":{"start":{"line":13,"column":18},"end":{"line":13,"column":52}},"5":{"start":{"line":15,"column":17},"end":{"line":15,"column":39}},"6":{"start":{"line":17,"column":18},"end":{"line":17,"column":52}},"7":{"start":{"line":19,"column":39},"end":{"line":19,"column":93}},"8":{"start":{"line":21,"column":18},"end":{"line":48,"column":1}},"9":{"start":{"line":23,"column":18},"end":{"line":25,"column":4}},"10":{"start":{"line":24,"column":4},"end":{"line":24,"column":47}},"11":{"start":{"line":26,"column":2},"end":{"line":26,"column":81}},"12":{"start":{"line":26,"column":18},"end":{"line":26,"column":81}},"13":{"start":{"line":29,"column":2},"end":{"line":31,"column":3}},"14":{"start":{"line":30,"column":4},"end":{"line":30,"column":55}},"15":{"start":{"line":32,"column":2},"end":{"line":39,"column":3}},"16":{"start":{"line":33,"column":4},"end":{"line":37,"column":5}},"17":{"start":{"line":34,"column":6},"end":{"line":34,"column":84}},"18":{"start":{"line":35,"column":6},"end":{"line":35,"column":85}},"19":{"start":{"line":36,"column":6},"end":{"line":36,"column":78}},"20":{"start":{"line":38,"column":4},"end":{"line":38,"column":35}},"21":{"start":{"line":40,"column":2},"end":{"line":43,"column":3}},"22":{"start":{"line":41,"column":4},"end":{"line":41,"column":81}},"23":{"start":{"line":42,"column":4},"end":{"line":42,"column":47}},"24":{"start":{"line":47,"column":2},"end":{"line":47,"column":41}},"25":{"start":{"line":50,"column":0},"end":{"line":50,"column":30}}},"fnMap":{"0":{"name":"_interopRequireDefault","decl":{"start":{"line":19,"column":9},"end":{"line":19,"column":31}},"loc":{"start":{"line":19,"column":37},"end":{"line":19,"column":95}},"line":19},"1":{"name":"updateOrder","decl":{"start":{"line":21,"column":27},"end":{"line":21,"column":38}},"loc":{"start":{"line":21,"column":49},"end":{"line":48,"column":1}},"line":21},"2":{"name":"(anonymous_2)","decl":{"start":{"line":23,"column":40},"end":{"line":23,"column":41}},"loc":{"start":{"line":23,"column":53},"end":{"line":25,"column":3}},"line":23}},"branchMap":{"0":{"loc":{"start":{"line":19,"column":46},"end":{"line":19,"column":92}},"type":"cond-expr","locations":[{"start":{"line":19,"column":70},"end":{"line":19,"column":73}},{"start":{"line":19,"column":76},"end":{"line":19,"column":92}}],"line":19},"1":{"loc":{"start":{"line":19,"column":46},"end":{"line":19,"column":67}},"type":"binary-expr","locations":[{"start":{"line":19,"column":46},"end":{"line":19,"column":49}},{"start":{"line":19,"column":53},"end":{"line":19,"column":67}}],"line":19},"2":{"loc":{"start":{"line":26,"column":2},"end":{"line":26,"column":81}},"type":"if","locations":[{"start":{"line":26,"column":2},"end":{"line":26,"column":81}},{"start":{"line":26,"column":2},"end":{"line":26,"column":81}}],"line":26},"3":{"loc":{"start":{"line":29,"column":2},"end":{"line":31,"column":3}},"type":"if","locations":[{"start":{"line":29,"column":2},"end":{"line":31,"column":3}},{"start":{"line":29,"column":2},"end":{"line":31,"column":3}}],"line":29},"4":{"loc":{"start":{"line":29,"column":6},"end":{"line":29,"column":70}},"type":"binary-expr","locations":[{"start":{"line":29,"column":6},"end":{"line":29,"column":33}},{"start":{"line":29,"column":37},"end":{"line":29,"column":70}}],"line":29},"5":{"loc":{"start":{"line":32,"column":2},"end":{"line":39,"column":3}},"type":"if","locations":[{"start":{"line":32,"column":2},"end":{"line":39,"column":3}},{"start":{"line":32,"column":2},"end":{"line":39,"column":3}}],"line":32},"6":{"loc":{"start":{"line":33,"column":4},"end":{"line":37,"column":5}},"type":"if","locations":[{"start":{"line":33,"column":4},"end":{"line":37,"column":5}},{"start":{"line":33,"column":4},"end":{"line":37,"column":5}}],"line":33},"7":{"loc":{"start":{"line":40,"column":2},"end":{"line":43,"column":3}},"type":"if","locations":[{"start":{"line":40,"column":2},"end":{"line":43,"column":3}},{"start":{"line":40,"column":2},"end":{"line":43,"column":3}}],"line":40}},"s":{"0":1,"1":1,"2":1,"3":1,"4":1,"5":1,"6":1,"7":3,"8":1,"9":0,"10":0,"11":0,"12":0,"13":0,"14":0,"15":0,"16":0,"17":0,"18":0,"19":0,"20":0,"21":0,"22":0,"23":0,"24":0,"25":1},"f":{"0":3,"1":0,"2":0},"b":{"0":[3,0],"1":[3,3],"2":[0,0],"3":[0,0],"4":[0,0],"5":[0,0],"6":[0,0],"7":[0,0]},"_coverageSchema":"d34fc3e6b8297bcde183f5492bcb8fcb36775295","hash":"e777cbc68e8d1cc3dee03bf127a4a5c216ae8032","contentHash":"49eb5307f1644fbce50fc3c12546f4c2"},"C:\\Users\\ATANDA\\Desktop\\AbdulAzeez Career Files DONT DELETE PLEASE\\FastFoodFast\\server\\data\\responses.js":{"path":"C:\\Users\\ATANDA\\Desktop\\AbdulAzeez Career Files DONT DELETE PLEASE\\FastFoodFast\\server\\data\\responses.js","statementMap":{"0":{"start":{"line":3,"column":0},"end":{"line":5,"column":3}},"1":{"start":{"line":6,"column":16},"end":{"line":11,"column":1}},"2":{"start":{"line":13,"column":0},"end":{"line":13,"column":28}}},"fnMap":{},"branchMap":{},"s":{"0":1,"1":1,"2":1},"f":{},"b":{},"_coverageSchema":"d34fc3e6b8297bcde183f5492bcb8fcb36775295","hash":"9a261956d491f261acb70e48c0af1942b8eff147","contentHash":"0cb7eea80e5669015d69dadc39eb2cc9"},"C:\\Users\\ATANDA\\Desktop\\AbdulAzeez Career Files DONT DELETE PLEASE\\FastFoodFast\\server\\DB\\controllers\\updateOrder.js":{"path":"C:\\Users\\ATANDA\\Desktop\\AbdulAzeez Career Files DONT DELETE PLEASE\\FastFoodFast\\server\\DB\\controllers\\updateOrder.js","statementMap":{"0":{"start":{"line":3,"column":0},"end":{"line":5,"column":3}},"1":{"start":{"line":7,"column":10},"end":{"line":7,"column":26}},"2":{"start":{"line":9,"column":11},"end":{"line":9,"column":38}},"3":{"start":{"line":11,"column":39},"end":{"line":11,"column":93}},"4":{"start":{"line":13,"column":33},"end":{"line":13,"column":456}},"5":{"start":{"line":13,"column":64},"end":{"line":13,"column":89}},"6":{"start":{"line":13,"column":91},"end":{"line":13,"column":453}},"7":{"start":{"line":13,"column":165},"end":{"line":13,"column":263}},"8":{"start":{"line":13,"column":182},"end":{"line":13,"column":195}},"9":{"start":{"line":13,"column":209},"end":{"line":13,"column":219}},"10":{"start":{"line":13,"column":239},"end":{"line":13,"column":253}},"11":{"start":{"line":13,"column":254},"end":{"line":13,"column":261}},"12":{"start":{"line":13,"column":264},"end":{"line":13,"column":426}},"13":{"start":{"line":13,"column":281},"end":{"line":13,"column":296}},"14":{"start":{"line":13,"column":306},"end":{"line":13,"column":424}},"15":{"start":{"line":13,"column":360},"end":{"line":13,"column":380}},"16":{"start":{"line":13,"column":401},"end":{"line":13,"column":420}},"17":{"start":{"line":13,"column":429},"end":{"line":13,"column":449}},"18":{"start":{"line":15,"column":18},"end":{"line":65,"column":1}},"19":{"start":{"line":17,"column":16},"end":{"line":17,"column":20}},"20":{"start":{"line":19,"column":4},"end":{"line":63,"column":10}},"21":{"start":{"line":22,"column":6},"end":{"line":62,"column":36}},"22":{"start":{"line":23,"column":8},"end":{"line":61,"column":9}},"23":{"start":{"line":24,"column":10},"end":{"line":60,"column":11}},"24":{"start":{"line":26,"column":14},"end":{"line":26,"column":64}},"25":{"start":{"line":27,"column":14},"end":{"line":27,"column":165}},"26":{"start":{"line":28,"column":14},"end":{"line":28,"column":32}},"27":{"start":{"line":29,"column":14},"end":{"line":29,"column":32}},"28":{"start":{"line":30,"column":14},"end":{"line":30,"column":71}},"29":{"start":{"line":33,"column":14},"end":{"line":33,"column":35}},"30":{"start":{"line":34,"column":14},"end":{"line":34,"column":31}},"31":{"start":{"line":36,"column":14},"end":{"line":39,"column":15}},"32":{"start":{"line":37,"column":16},"end":{"line":37,"column":34}},"33":{"start":{"line":38,"column":16},"end":{"line":38,"column":22}},"34":{"start":{"line":41,"column":14},"end":{"line":41,"column":110}},"35":{"start":{"line":44,"column":14},"end":{"line":44,"column":244}},"36":{"start":{"line":45,"column":14},"end":{"line":45,"column":33}},"37":{"start":{"line":46,"column":14},"end":{"line":46,"column":64}},"38":{"start":{"line":49,"column":14},"end":{"line":49,"column":39}},"39":{"start":{"line":50,"column":14},"end":{"line":50,"column":87}},"40":{"start":{"line":53,"column":14},"end":{"line":53,"column":33}},"41":{"start":{"line":54,"column":14},"end":{"line":54,"column":49}},"42":{"start":{"line":55,"column":14},"end":{"line":55,"column":82}},"43":{"start":{"line":59,"column":14},"end":{"line":59,"column":37}},"44":{"start":{"line":67,"column":0},"end":{"line":67,"column":42}}},"fnMap":{"0":{"name":"_interopRequireDefault","decl":{"start":{"line":11,"column":9},"end":{"line":11,"column":31}},"loc":{"start":{"line":11,"column":37},"end":{"line":11,"column":95}},"line":11},"1":{"name":"_asyncToGenerator","decl":{"start":{"line":13,"column":9},"end":{"line":13,"column":26}},"loc":{"start":{"line":13,"column":31},"end":{"line":13,"column":458}},"line":13},"2":{"name":"(anonymous_2)","decl":{"start":{"line":13,"column":40},"end":{"line":13,"column":41}},"loc":{"start":{"line":13,"column":52},"end":{"line":13,"column":455}},"line":13},"3":{"name":"(anonymous_3)","decl":{"start":{"line":13,"column":110},"end":{"line":13,"column":111}},"loc":{"start":{"line":13,"column":137},"end":{"line":13,"column":451}},"line":13},"4":{"name":"step","decl":{"start":{"line":13,"column":148},"end":{"line":13,"column":152}},"loc":{"start":{"line":13,"column":163},"end":{"line":13,"column":428}},"line":13},"5":{"name":"(anonymous_5)","decl":{"start":{"line":13,"column":341},"end":{"line":13,"column":342}},"loc":{"start":{"line":13,"column":358},"end":{"line":13,"column":382}},"line":13},"6":{"name":"(anonymous_6)","decl":{"start":{"line":13,"column":384},"end":{"line":13,"column":385}},"loc":{"start":{"line":13,"column":399},"end":{"line":13,"column":422}},"line":13},"7":{"name":"updateOrder","decl":{"start":{"line":16,"column":24},"end":{"line":16,"column":35}},"loc":{"start":{"line":16,"column":46},"end":{"line":64,"column":3}},"line":16},"8":{"name":"_callee","decl":{"start":{"line":19,"column":76},"end":{"line":19,"column":83}},"loc":{"start":{"line":19,"column":86},"end":{"line":63,"column":5}},"line":19},"9":{"name":"_callee$","decl":{"start":{"line":22,"column":46},"end":{"line":22,"column":54}},"loc":{"start":{"line":22,"column":65},"end":{"line":62,"column":7}},"line":22}},"branchMap":{"0":{"loc":{"start":{"line":11,"column":46},"end":{"line":11,"column":92}},"type":"cond-expr","locations":[{"start":{"line":11,"column":70},"end":{"line":11,"column":73}},{"start":{"line":11,"column":76},"end":{"line":11,"column":92}}],"line":11},"1":{"loc":{"start":{"line":11,"column":46},"end":{"line":11,"column":67}},"type":"binary-expr","locations":[{"start":{"line":11,"column":46},"end":{"line":11,"column":49}},{"start":{"line":11,"column":53},"end":{"line":11,"column":67}}],"line":11},"2":{"loc":{"start":{"line":13,"column":264},"end":{"line":13,"column":426}},"type":"if","locations":[{"start":{"line":13,"column":264},"end":{"line":13,"column":426}},{"start":{"line":13,"column":264},"end":{"line":13,"column":426}}],"line":13},"3":{"loc":{"start":{"line":24,"column":10},"end":{"line":60,"column":11}},"type":"switch","locations":[{"start":{"line":25,"column":12},"end":{"line":30,"column":71}},{"start":{"line":32,"column":12},"end":{"line":41,"column":110}},{"start":{"line":43,"column":12},"end":{"line":46,"column":64}},{"start":{"line":48,"column":12},"end":{"line":50,"column":87}},{"start":{"line":52,"column":12},"end":{"line":55,"column":82}},{"start":{"line":57,"column":12},"end":{"line":57,"column":20}},{"start":{"line":58,"column":12},"end":{"line":59,"column":37}}],"line":24},"4":{"loc":{"start":{"line":36,"column":14},"end":{"line":39,"column":15}},"type":"if","locations":[{"start":{"line":36,"column":14},"end":{"line":39,"column":15}},{"start":{"line":36,"column":14},"end":{"line":39,"column":15}}],"line":36},"5":{"loc":{"start":{"line":44,"column":24},"end":{"line":44,"column":61}},"type":"binary-expr","locations":[{"start":{"line":44,"column":24},"end":{"line":44,"column":41}},{"start":{"line":44,"column":45},"end":{"line":44,"column":61}}],"line":44},"6":{"loc":{"start":{"line":44,"column":63},"end":{"line":44,"column":100}},"type":"binary-expr","locations":[{"start":{"line":44,"column":63},"end":{"line":44,"column":80}},{"start":{"line":44,"column":84},"end":{"line":44,"column":100}}],"line":44},"7":{"loc":{"start":{"line":44,"column":102},"end":{"line":44,"column":133}},"type":"binary-expr","locations":[{"start":{"line":44,"column":102},"end":{"line":44,"column":116}},{"start":{"line":44,"column":120},"end":{"line":44,"column":133}}],"line":44},"8":{"loc":{"start":{"line":44,"column":135},"end":{"line":44,"column":176}},"type":"binary-expr","locations":[{"start":{"line":44,"column":135},"end":{"line":44,"column":154}},{"start":{"line":44,"column":158},"end":{"line":44,"column":176}}],"line":44},"9":{"loc":{"start":{"line":44,"column":178},"end":{"line":44,"column":215}},"type":"binary-expr","locations":[{"start":{"line":44,"column":178},"end":{"line":44,"column":195}},{"start":{"line":44,"column":199},"end":{"line":44,"column":215}}],"line":44}},"s":{"0":1,"1":1,"2":1,"3":1,"4":0,"5":0,"6":0,"7":0,"8":0,"9":0,"10":0,"11":0,"12":0,"13":0,"14":0,"15":0,"16":0,"17":0,"18":1,"19":0,"20":0,"21":0,"22":0,"23":0,"24":0,"25":0,"26":0,"27":0,"28":0,"29":0,"30":0,"31":0,"32":0,"33":0,"34":0,"35":0,"36":0,"37":0,"38":0,"39":0,"40":0,"41":0,"42":0,"43":0,"44":1},"f":{"0":1,"1":0,"2":0,"3":0,"4":0,"5":0,"6":0,"7":0,"8":0,"9":0},"b":{"0":[1,0],"1":[1,1],"2":[0,0],"3":[0,0,0,0,0,0,0],"4":[0,0],"5":[0,0],"6":[0,0],"7":[0,0],"8":[0,0],"9":[0,0]},"_coverageSchema":"d34fc3e6b8297bcde183f5492bcb8fcb36775295","hash":"2a0c06871a95d669dd0dffe1e57cf7ff12f86fe1","contentHash":"dbe129a5859765d0cc6c2319e5812b9f"},"C:\\Users\\ATANDA\\Desktop\\AbdulAzeez Career Files DONT DELETE PLEASE\\FastFoodFast\\server\\data\\order.js":{"path":"C:\\Users\\ATANDA\\Desktop\\AbdulAzeez Career Files DONT DELETE PLEASE\\FastFoodFast\\server\\data\\order.js","statementMap":{"0":{"start":{"line":3,"column":0},"end":{"line":5,"column":3}},"1":{"start":{"line":7,"column":14},"end":{"line":7,"column":33}},"2":{"start":{"line":9,"column":15},"end":{"line":9,"column":46}},"3":{"start":{"line":11,"column":17},"end":{"line":11,"column":39}},"4":{"start":{"line":13,"column":18},"end":{"line":13,"column":52}},"5":{"start":{"line":15,"column":39},"end":{"line":15,"column":93}},"6":{"start":{"line":17,"column":12},"end":{"line":24,"column":1}},"7":{"start":{"line":18,"column":18},"end":{"line":20,"column":4}},"8":{"start":{"line":19,"column":4},"end":{"line":19,"column":47}},"9":{"start":{"line":21,"column":2},"end":{"line":21,"column":74}},"10":{"start":{"line":21,"column":18},"end":{"line":21,"column":74}},"11":{"start":{"line":23,"column":2},"end":{"line":23,"column":34}},"12":{"start":{"line":26,"column":0},"end":{"line":26,"column":24}}},"fnMap":{"0":{"name":"_interopRequireDefault","decl":{"start":{"line":15,"column":9},"end":{"line":15,"column":31}},"loc":{"start":{"line":15,"column":37},"end":{"line":15,"column":95}},"line":15},"1":{"name":"order","decl":{"start":{"line":17,"column":21},"end":{"line":17,"column":26}},"loc":{"start":{"line":17,"column":37},"end":{"line":24,"column":1}},"line":17},"2":{"name":"(anonymous_2)","decl":{"start":{"line":18,"column":40},"end":{"line":18,"column":41}},"loc":{"start":{"line":18,"column":53},"end":{"line":20,"column":3}},"line":18}},"branchMap":{"0":{"loc":{"start":{"line":15,"column":46},"end":{"line":15,"column":92}},"type":"cond-expr","locations":[{"start":{"line":15,"column":70},"end":{"line":15,"column":73}},{"start":{"line":15,"column":76},"end":{"line":15,"column":92}}],"line":15},"1":{"loc":{"start":{"line":15,"column":46},"end":{"line":15,"column":67}},"type":"binary-expr","locations":[{"start":{"line":15,"column":46},"end":{"line":15,"column":49}},{"start":{"line":15,"column":53},"end":{"line":15,"column":67}}],"line":15},"2":{"loc":{"start":{"line":21,"column":2},"end":{"line":21,"column":74}},"type":"if","locations":[{"start":{"line":21,"column":2},"end":{"line":21,"column":74}},{"start":{"line":21,"column":2},"end":{"line":21,"column":74}}],"line":21}},"s":{"0":1,"1":1,"2":1,"3":1,"4":1,"5":2,"6":1,"7":0,"8":0,"9":0,"10":0,"11":0,"12":1},"f":{"0":2,"1":0,"2":0},"b":{"0":[2,0],"1":[2,2],"2":[0,0]},"_coverageSchema":"d34fc3e6b8297bcde183f5492bcb8fcb36775295","hash":"6bc432dc49fb38093ddbb9fba1a44a863b4235af","contentHash":"262c1c39e170f65c8eace0902ffdb8a5"},"C:\\Users\\ATANDA\\Desktop\\AbdulAzeez Career Files DONT DELETE PLEASE\\FastFoodFast\\server\\DB\\controllers\\order.js":{"path":"C:\\Users\\ATANDA\\Desktop\\AbdulAzeez Career Files DONT DELETE PLEASE\\FastFoodFast\\server\\DB\\controllers\\order.js","statementMap":{"0":{"start":{"line":3,"column":0},"end":{"line":5,"column":3}},"1":{"start":{"line":7,"column":10},"end":{"line":7,"column":26}},"2":{"start":{"line":9,"column":11},"end":{"line":9,"column":38}},"3":{"start":{"line":11,"column":39},"end":{"line":11,"column":93}},"4":{"start":{"line":13,"column":33},"end":{"line":13,"column":456}},"5":{"start":{"line":13,"column":64},"end":{"line":13,"column":89}},"6":{"start":{"line":13,"column":91},"end":{"line":13,"column":453}},"7":{"start":{"line":13,"column":165},"end":{"line":13,"column":263}},"8":{"start":{"line":13,"column":182},"end":{"line":13,"column":195}},"9":{"start":{"line":13,"column":209},"end":{"line":13,"column":219}},"10":{"start":{"line":13,"column":239},"end":{"line":13,"column":253}},"11":{"start":{"line":13,"column":254},"end":{"line":13,"column":261}},"12":{"start":{"line":13,"column":264},"end":{"line":13,"column":426}},"13":{"start":{"line":13,"column":281},"end":{"line":13,"column":296}},"14":{"start":{"line":13,"column":306},"end":{"line":13,"column":424}},"15":{"start":{"line":13,"column":360},"end":{"line":13,"column":380}},"16":{"start":{"line":13,"column":401},"end":{"line":13,"column":420}},"17":{"start":{"line":13,"column":429},"end":{"line":13,"column":449}},"18":{"start":{"line":15,"column":12},"end":{"line":58,"column":1}},"19":{"start":{"line":17,"column":16},"end":{"line":17,"column":20}},"20":{"start":{"line":19,"column":4},"end":{"line":56,"column":10}},"21":{"start":{"line":22,"column":6},"end":{"line":55,"column":36}},"22":{"start":{"line":23,"column":8},"end":{"line":54,"column":9}},"23":{"start":{"line":24,"column":10},"end":{"line":53,"column":11}},"24":{"start":{"line":26,"column":14},"end":{"line":26,"column":58}},"25":{"start":{"line":27,"column":14},"end":{"line":27,"column":32}},"26":{"start":{"line":28,"column":14},"end":{"line":28,"column":32}},"27":{"start":{"line":29,"column":14},"end":{"line":29,"column":77}},"28":{"start":{"line":32,"column":14},"end":{"line":32,"column":35}},"29":{"start":{"line":33,"column":14},"end":{"line":33,"column":31}},"30":{"start":{"line":35,"column":14},"end":{"line":38,"column":15}},"31":{"start":{"line":36,"column":16},"end":{"line":36,"column":34}},"32":{"start":{"line":37,"column":16},"end":{"line":37,"column":22}},"33":{"start":{"line":40,"column":14},"end":{"line":40,"column":124}},"34":{"start":{"line":43,"column":14},"end":{"line":43,"column":78}},"35":{"start":{"line":46,"column":14},"end":{"line":46,"column":33}},"36":{"start":{"line":47,"column":14},"end":{"line":47,"column":49}},"37":{"start":{"line":48,"column":14},"end":{"line":48,"column":82}},"38":{"start":{"line":52,"column":14},"end":{"line":52,"column":37}},"39":{"start":{"line":59,"column":0},"end":{"line":59,"column":30}}},"fnMap":{"0":{"name":"_interopRequireDefault","decl":{"start":{"line":11,"column":9},"end":{"line":11,"column":31}},"loc":{"start":{"line":11,"column":37},"end":{"line":11,"column":95}},"line":11},"1":{"name":"_asyncToGenerator","decl":{"start":{"line":13,"column":9},"end":{"line":13,"column":26}},"loc":{"start":{"line":13,"column":31},"end":{"line":13,"column":458}},"line":13},"2":{"name":"(anonymous_2)","decl":{"start":{"line":13,"column":40},"end":{"line":13,"column":41}},"loc":{"start":{"line":13,"column":52},"end":{"line":13,"column":455}},"line":13},"3":{"name":"(anonymous_3)","decl":{"start":{"line":13,"column":110},"end":{"line":13,"column":111}},"loc":{"start":{"line":13,"column":137},"end":{"line":13,"column":451}},"line":13},"4":{"name":"step","decl":{"start":{"line":13,"column":148},"end":{"line":13,"column":152}},"loc":{"start":{"line":13,"column":163},"end":{"line":13,"column":428}},"line":13},"5":{"name":"(anonymous_5)","decl":{"start":{"line":13,"column":341},"end":{"line":13,"column":342}},"loc":{"start":{"line":13,"column":358},"end":{"line":13,"column":382}},"line":13},"6":{"name":"(anonymous_6)","decl":{"start":{"line":13,"column":384},"end":{"line":13,"column":385}},"loc":{"start":{"line":13,"column":399},"end":{"line":13,"column":422}},"line":13},"7":{"name":"order","decl":{"start":{"line":16,"column":18},"end":{"line":16,"column":23}},"loc":{"start":{"line":16,"column":34},"end":{"line":57,"column":3}},"line":16},"8":{"name":"_callee","decl":{"start":{"line":19,"column":76},"end":{"line":19,"column":83}},"loc":{"start":{"line":19,"column":86},"end":{"line":56,"column":5}},"line":19},"9":{"name":"_callee$","decl":{"start":{"line":22,"column":46},"end":{"line":22,"column":54}},"loc":{"start":{"line":22,"column":65},"end":{"line":55,"column":7}},"line":22}},"branchMap":{"0":{"loc":{"start":{"line":11,"column":46},"end":{"line":11,"column":92}},"type":"cond-expr","locations":[{"start":{"line":11,"column":70},"end":{"line":11,"column":73}},{"start":{"line":11,"column":76},"end":{"line":11,"column":92}}],"line":11},"1":{"loc":{"start":{"line":11,"column":46},"end":{"line":11,"column":67}},"type":"binary-expr","locations":[{"start":{"line":11,"column":46},"end":{"line":11,"column":49}},{"start":{"line":11,"column":53},"end":{"line":11,"column":67}}],"line":11},"2":{"loc":{"start":{"line":13,"column":264},"end":{"line":13,"column":426}},"type":"if","locations":[{"start":{"line":13,"column":264},"end":{"line":13,"column":426}},{"start":{"line":13,"column":264},"end":{"line":13,"column":426}}],"line":13},"3":{"loc":{"start":{"line":24,"column":10},"end":{"line":53,"column":11}},"type":"switch","locations":[{"start":{"line":25,"column":12},"end":{"line":29,"column":77}},{"start":{"line":31,"column":12},"end":{"line":40,"column":124}},{"start":{"line":42,"column":12},"end":{"line":43,"column":78}},{"start":{"line":45,"column":12},"end":{"line":48,"column":82}},{"start":{"line":50,"column":12},"end":{"line":50,"column":20}},{"start":{"line":51,"column":12},"end":{"line":52,"column":37}}],"line":24},"4":{"loc":{"start":{"line":35,"column":14},"end":{"line":38,"column":15}},"type":"if","locations":[{"start":{"line":35,"column":14},"end":{"line":38,"column":15}},{"start":{"line":35,"column":14},"end":{"line":38,"column":15}}],"line":35}},"s":{"0":1,"1":1,"2":1,"3":1,"4":0,"5":0,"6":0,"7":0,"8":0,"9":0,"10":0,"11":0,"12":0,"13":0,"14":0,"15":0,"16":0,"17":0,"18":1,"19":0,"20":0,"21":0,"22":0,"23":0,"24":0,"25":0,"26":0,"27":0,"28":0,"29":0,"30":0,"31":0,"32":0,"33":0,"34":0,"35":0,"36":0,"37":0,"38":0,"39":1},"f":{"0":1,"1":0,"2":0,"3":0,"4":0,"5":0,"6":0,"7":0,"8":0,"9":0},"b":{"0":[1,0],"1":[1,1],"2":[0,0],"3":[0,0,0,0,0,0],"4":[0,0]},"_coverageSchema":"d34fc3e6b8297bcde183f5492bcb8fcb36775295","hash":"053864efae4cd2d7bd009f82a8a7ff9a9c3c2f34","contentHash":"c6f97714e603a2454a392b252ded267d"},"C:\\Users\\ATANDA\\Desktop\\AbdulAzeez Career Files DONT DELETE PLEASE\\FastFoodFast\\server\\DB\\middleware\\Auth.js":{"path":"C:\\Users\\ATANDA\\Desktop\\AbdulAzeez Career Files DONT DELETE PLEASE\\FastFoodFast\\server\\DB\\middleware\\Auth.js","statementMap":{"0":{"start":{"line":3,"column":0},"end":{"line":5,"column":3}},"1":{"start":{"line":7,"column":20},"end":{"line":7,"column":43}},"2":{"start":{"line":9,"column":21},"end":{"line":9,"column":58}},"3":{"start":{"line":11,"column":10},"end":{"line":11,"column":26}},"4":{"start":{"line":13,"column":11},"end":{"line":13,"column":38}},"5":{"start":{"line":15,"column":39},"end":{"line":15,"column":93}},"6":{"start":{"line":17,"column":33},"end":{"line":17,"column":456}},"7":{"start":{"line":17,"column":64},"end":{"line":17,"column":89}},"8":{"start":{"line":17,"column":91},"end":{"line":17,"column":453}},"9":{"start":{"line":17,"column":165},"end":{"line":17,"column":263}},"10":{"start":{"line":17,"column":182},"end":{"line":17,"column":195}},"11":{"start":{"line":17,"column":209},"end":{"line":17,"column":219}},"12":{"start":{"line":17,"column":239},"end":{"line":17,"column":253}},"13":{"start":{"line":17,"column":254},"end":{"line":17,"column":261}},"14":{"start":{"line":17,"column":264},"end":{"line":17,"column":426}},"15":{"start":{"line":17,"column":281},"end":{"line":17,"column":296}},"16":{"start":{"line":17,"column":306},"end":{"line":17,"column":424}},"17":{"start":{"line":17,"column":360},"end":{"line":17,"column":380}},"18":{"start":{"line":17,"column":401},"end":{"line":17,"column":420}},"19":{"start":{"line":17,"column":429},"end":{"line":17,"column":449}},"20":{"start":{"line":19,"column":11},"end":{"line":83,"column":1}},"21":{"start":{"line":21,"column":16},"end":{"line":21,"column":20}},"22":{"start":{"line":23,"column":4},"end":{"line":81,"column":10}},"23":{"start":{"line":26,"column":6},"end":{"line":80,"column":36}},"24":{"start":{"line":27,"column":8},"end":{"line":79,"column":9}},"25":{"start":{"line":28,"column":10},"end":{"line":78,"column":11}},"26":{"start":{"line":30,"column":14},"end":{"line":30,"column":52}},"27":{"start":{"line":32,"column":14},"end":{"line":35,"column":15}},"28":{"start":{"line":33,"column":16},"end":{"line":33,"column":34}},"29":{"start":{"line":34,"column":16},"end":{"line":34,"column":22}},"30":{"start":{"line":37,"column":14},"end":{"line":37,"column":107}},"31":{"start":{"line":40,"column":14},"end":{"line":40,"column":32}},"32":{"start":{"line":41,"column":14},"end":{"line":41,"column":32}},"33":{"start":{"line":42,"column":14},"end":{"line":42,"column":78}},"34":{"start":{"line":45,"column":14},"end":{"line":45,"column":38}},"35":{"start":{"line":46,"column":14},"end":{"line":46,"column":57}},"36":{"start":{"line":47,"column":14},"end":{"line":47,"column":33}},"37":{"start":{"line":48,"column":14},"end":{"line":48,"column":64}},"38":{"start":{"line":51,"column":14},"end":{"line":51,"column":35}},"39":{"start":{"line":52,"column":14},"end":{"line":52,"column":31}},"40":{"start":{"line":54,"column":14},"end":{"line":57,"column":15}},"41":{"start":{"line":55,"column":16},"end":{"line":55,"column":35}},"42":{"start":{"line":56,"column":16},"end":{"line":56,"column":22}},"43":{"start":{"line":59,"column":14},"end":{"line":59,"column":119}},"44":{"start":{"line":62,"column":14},"end":{"line":62,"column":48}},"45":{"start":{"line":63,"column":14},"end":{"line":63,"column":21}},"46":{"start":{"line":64,"column":14},"end":{"line":64,"column":33}},"47":{"start":{"line":65,"column":14},"end":{"line":65,"column":20}},"48":{"start":{"line":68,"column":14},"end":{"line":68,"column":33}},"49":{"start":{"line":69,"column":14},"end":{"line":69,"column":49}},"50":{"start":{"line":70,"column":14},"end":{"line":70,"column":82}},"51":{"start":{"line":73,"column":14},"end":{"line":73,"column":52}},"52":{"start":{"line":77,"column":14},"end":{"line":77,"column":37}},"53":{"start":{"line":85,"column":0},"end":{"line":85,"column":35}}},"fnMap":{"0":{"name":"_interopRequireDefault","decl":{"start":{"line":15,"column":9},"end":{"line":15,"column":31}},"loc":{"start":{"line":15,"column":37},"end":{"line":15,"column":95}},"line":15},"1":{"name":"_asyncToGenerator","decl":{"start":{"line":17,"column":9},"end":{"line":17,"column":26}},"loc":{"start":{"line":17,"column":31},"end":{"line":17,"column":458}},"line":17},"2":{"name":"(anonymous_2)","decl":{"start":{"line":17,"column":40},"end":{"line":17,"column":41}},"loc":{"start":{"line":17,"column":52},"end":{"line":17,"column":455}},"line":17},"3":{"name":"(anonymous_3)","decl":{"start":{"line":17,"column":110},"end":{"line":17,"column":111}},"loc":{"start":{"line":17,"column":137},"end":{"line":17,"column":451}},"line":17},"4":{"name":"step","decl":{"start":{"line":17,"column":148},"end":{"line":17,"column":152}},"loc":{"start":{"line":17,"column":163},"end":{"line":17,"column":428}},"line":17},"5":{"name":"(anonymous_5)","decl":{"start":{"line":17,"column":341},"end":{"line":17,"column":342}},"loc":{"start":{"line":17,"column":358},"end":{"line":17,"column":382}},"line":17},"6":{"name":"(anonymous_6)","decl":{"start":{"line":17,"column":384},"end":{"line":17,"column":385}},"loc":{"start":{"line":17,"column":399},"end":{"line":17,"column":422}},"line":17},"7":{"name":"verifyToken","decl":{"start":{"line":20,"column":24},"end":{"line":20,"column":35}},"loc":{"start":{"line":20,"column":52},"end":{"line":82,"column":3}},"line":20},"8":{"name":"_callee","decl":{"start":{"line":23,"column":76},"end":{"line":23,"column":83}},"loc":{"start":{"line":23,"column":86},"end":{"line":81,"column":5}},"line":23},"9":{"name":"_callee$","decl":{"start":{"line":26,"column":46},"end":{"line":26,"column":54}},"loc":{"start":{"line":26,"column":65},"end":{"line":80,"column":7}},"line":26}},"branchMap":{"0":{"loc":{"start":{"line":15,"column":46},"end":{"line":15,"column":92}},"type":"cond-expr","locations":[{"start":{"line":15,"column":70},"end":{"line":15,"column":73}},{"start":{"line":15,"column":76},"end":{"line":15,"column":92}}],"line":15},"1":{"loc":{"start":{"line":15,"column":46},"end":{"line":15,"column":67}},"type":"binary-expr","locations":[{"start":{"line":15,"column":46},"end":{"line":15,"column":49}},{"start":{"line":15,"column":53},"end":{"line":15,"column":67}}],"line":15},"2":{"loc":{"start":{"line":17,"column":264},"end":{"line":17,"column":426}},"type":"if","locations":[{"start":{"line":17,"column":264},"end":{"line":17,"column":426}},{"start":{"line":17,"column":264},"end":{"line":17,"column":426}}],"line":17},"3":{"loc":{"start":{"line":28,"column":10},"end":{"line":78,"column":11}},"type":"switch","locations":[{"start":{"line":29,"column":12},"end":{"line":37,"column":107}},{"start":{"line":39,"column":12},"end":{"line":42,"column":78}},{"start":{"line":44,"column":12},"end":{"line":48,"column":64}},{"start":{"line":50,"column":12},"end":{"line":59,"column":119}},{"start":{"line":61,"column":12},"end":{"line":65,"column":20}},{"start":{"line":67,"column":12},"end":{"line":70,"column":82}},{"start":{"line":72,"column":12},"end":{"line":73,"column":52}},{"start":{"line":75,"column":12},"end":{"line":75,"column":20}},{"start":{"line":76,"column":12},"end":{"line":77,"column":37}}],"line":28},"4":{"loc":{"start":{"line":32,"column":14},"end":{"line":35,"column":15}},"type":"if","locations":[{"start":{"line":32,"column":14},"end":{"line":35,"column":15}},{"start":{"line":32,"column":14},"end":{"line":35,"column":15}}],"line":32},"5":{"loc":{"start":{"line":54,"column":14},"end":{"line":57,"column":15}},"type":"if","locations":[{"start":{"line":54,"column":14},"end":{"line":57,"column":15}},{"start":{"line":54,"column":14},"end":{"line":57,"column":15}}],"line":54}},"s":{"0":1,"1":1,"2":1,"3":1,"4":1,"5":2,"6":11,"7":11,"8":11,"9":11,"10":11,"11":11,"12":0,"13":0,"14":11,"15":11,"16":0,"17":0,"18":0,"19":11,"20":1,"21":11,"22":11,"23":11,"24":22,"25":22,"26":11,"27":11,"28":0,"29":0,"30":11,"31":0,"32":0,"33":0,"34":0,"35":0,"36":0,"37":0,"38":0,"39":0,"40":0,"41":0,"42":0,"43":0,"44":0,"45":0,"46":0,"47":0,"48":0,"49":0,"50":0,"51":0,"52":11,"53":1},"f":{"0":2,"1":11,"2":11,"3":11,"4":11,"5":0,"6":0,"7":11,"8":11,"9":22},"b":{"0":[1,1],"1":[2,2],"2":[11,0],"3":[11,0,0,0,0,0,0,0,11],"4":[0,11],"5":[0,0]},"_coverageSchema":"d34fc3e6b8297bcde183f5492bcb8fcb36775295","hash":"fddbe1d3cc1f202b9e2c089a859bf631ddfb0942","contentHash":"bf95705a7a4d2fd02fd313d42f84a7a2"},"C:\\Users\\ATANDA\\Desktop\\AbdulAzeez Career Files DONT DELETE PLEASE\\FastFoodFast\\server\\DB\\controllers\\signin.js":{"path":"C:\\Users\\ATANDA\\Desktop\\AbdulAzeez Career Files DONT DELETE PLEASE\\FastFoodFast\\server\\DB\\controllers\\signin.js","statementMap":{"0":{"start":{"line":3,"column":0},"end":{"line":5,"column":3}},"1":{"start":{"line":7,"column":14},"end":{"line":7,"column":33}},"2":{"start":{"line":9,"column":15},"end":{"line":9,"column":46}},"3":{"start":{"line":11,"column":10},"end":{"line":11,"column":26}},"4":{"start":{"line":13,"column":11},"end":{"line":13,"column":38}},"5":{"start":{"line":15,"column":39},"end":{"line":15,"column":93}},"6":{"start":{"line":17,"column":33},"end":{"line":17,"column":456}},"7":{"start":{"line":17,"column":64},"end":{"line":17,"column":89}},"8":{"start":{"line":17,"column":91},"end":{"line":17,"column":453}},"9":{"start":{"line":17,"column":165},"end":{"line":17,"column":263}},"10":{"start":{"line":17,"column":182},"end":{"line":17,"column":195}},"11":{"start":{"line":17,"column":209},"end":{"line":17,"column":219}},"12":{"start":{"line":17,"column":239},"end":{"line":17,"column":253}},"13":{"start":{"line":17,"column":254},"end":{"line":17,"column":261}},"14":{"start":{"line":17,"column":264},"end":{"line":17,"column":426}},"15":{"start":{"line":17,"column":281},"end":{"line":17,"column":296}},"16":{"start":{"line":17,"column":306},"end":{"line":17,"column":424}},"17":{"start":{"line":17,"column":360},"end":{"line":17,"column":380}},"18":{"start":{"line":17,"column":401},"end":{"line":17,"column":420}},"19":{"start":{"line":17,"column":429},"end":{"line":17,"column":449}},"20":{"start":{"line":19,"column":13},"end":{"line":90,"column":1}},"21":{"start":{"line":21,"column":16},"end":{"line":21,"column":20}},"22":{"start":{"line":23,"column":4},"end":{"line":88,"column":10}},"23":{"start":{"line":26,"column":6},"end":{"line":87,"column":36}},"24":{"start":{"line":27,"column":8},"end":{"line":86,"column":9}},"25":{"start":{"line":28,"column":10},"end":{"line":85,"column":11}},"26":{"start":{"line":30,"column":14},"end":{"line":33,"column":15}},"27":{"start":{"line":31,"column":16},"end":{"line":31,"column":34}},"28":{"start":{"line":32,"column":16},"end":{"line":32,"column":22}},"29":{"start":{"line":35,"column":14},"end":{"line":35,"column":109}},"30":{"start":{"line":38,"column":14},"end":{"line":41,"column":15}},"31":{"start":{"line":39,"column":16},"end":{"line":39,"column":34}},"32":{"start":{"line":40,"column":16},"end":{"line":40,"column":22}},"33":{"start":{"line":43,"column":14},"end":{"line":43,"column":120}},"34":{"start":{"line":46,"column":14},"end":{"line":46,"column":60}},"35":{"start":{"line":47,"column":14},"end":{"line":47,"column":32}},"36":{"start":{"line":48,"column":14},"end":{"line":48,"column":32}},"37":{"start":{"line":49,"column":14},"end":{"line":49,"column":64}},"38":{"start":{"line":52,"column":14},"end":{"line":52,"column":35}},"39":{"start":{"line":53,"column":14},"end":{"line":53,"column":31}},"40":{"start":{"line":55,"column":14},"end":{"line":58,"column":15}},"41":{"start":{"line":56,"column":16},"end":{"line":56,"column":35}},"42":{"start":{"line":57,"column":16},"end":{"line":57,"column":22}},"43":{"start":{"line":60,"column":14},"end":{"line":60,"column":112}},"44":{"start":{"line":63,"column":14},"end":{"line":66,"column":15}},"45":{"start":{"line":64,"column":16},"end":{"line":64,"column":35}},"46":{"start":{"line":65,"column":16},"end":{"line":65,"column":22}},"47":{"start":{"line":68,"column":14},"end":{"line":68,"column":112}},"48":{"start":{"line":71,"column":14},"end":{"line":71,"column":65}},"49":{"start":{"line":72,"column":14},"end":{"line":75,"column":18}},"50":{"start":{"line":78,"column":14},"end":{"line":78,"column":33}},"51":{"start":{"line":79,"column":14},"end":{"line":79,"column":49}},"52":{"start":{"line":80,"column":14},"end":{"line":80,"column":82}},"53":{"start":{"line":84,"column":14},"end":{"line":84,"column":37}},"54":{"start":{"line":92,"column":0},"end":{"line":92,"column":31}}},"fnMap":{"0":{"name":"_interopRequireDefault","decl":{"start":{"line":15,"column":9},"end":{"line":15,"column":31}},"loc":{"start":{"line":15,"column":37},"end":{"line":15,"column":95}},"line":15},"1":{"name":"_asyncToGenerator","decl":{"start":{"line":17,"column":9},"end":{"line":17,"column":26}},"loc":{"start":{"line":17,"column":31},"end":{"line":17,"column":458}},"line":17},"2":{"name":"(anonymous_2)","decl":{"start":{"line":17,"column":40},"end":{"line":17,"column":41}},"loc":{"start":{"line":17,"column":52},"end":{"line":17,"column":455}},"line":17},"3":{"name":"(anonymous_3)","decl":{"start":{"line":17,"column":110},"end":{"line":17,"column":111}},"loc":{"start":{"line":17,"column":137},"end":{"line":17,"column":451}},"line":17},"4":{"name":"step","decl":{"start":{"line":17,"column":148},"end":{"line":17,"column":152}},"loc":{"start":{"line":17,"column":163},"end":{"line":17,"column":428}},"line":17},"5":{"name":"(anonymous_5)","decl":{"start":{"line":17,"column":341},"end":{"line":17,"column":342}},"loc":{"start":{"line":17,"column":358},"end":{"line":17,"column":382}},"line":17},"6":{"name":"(anonymous_6)","decl":{"start":{"line":17,"column":384},"end":{"line":17,"column":385}},"loc":{"start":{"line":17,"column":399},"end":{"line":17,"column":422}},"line":17},"7":{"name":"login","decl":{"start":{"line":20,"column":18},"end":{"line":20,"column":23}},"loc":{"start":{"line":20,"column":34},"end":{"line":89,"column":3}},"line":20},"8":{"name":"_callee","decl":{"start":{"line":23,"column":76},"end":{"line":23,"column":83}},"loc":{"start":{"line":23,"column":86},"end":{"line":88,"column":5}},"line":23},"9":{"name":"_callee$","decl":{"start":{"line":26,"column":46},"end":{"line":26,"column":54}},"loc":{"start":{"line":26,"column":65},"end":{"line":87,"column":7}},"line":26}},"branchMap":{"0":{"loc":{"start":{"line":15,"column":46},"end":{"line":15,"column":92}},"type":"cond-expr","locations":[{"start":{"line":15,"column":70},"end":{"line":15,"column":73}},{"start":{"line":15,"column":76},"end":{"line":15,"column":92}}],"line":15},"1":{"loc":{"start":{"line":15,"column":46},"end":{"line":15,"column":67}},"type":"binary-expr","locations":[{"start":{"line":15,"column":46},"end":{"line":15,"column":49}},{"start":{"line":15,"column":53},"end":{"line":15,"column":67}}],"line":15},"2":{"loc":{"start":{"line":17,"column":264},"end":{"line":17,"column":426}},"type":"if","locations":[{"start":{"line":17,"column":264},"end":{"line":17,"column":426}},{"start":{"line":17,"column":264},"end":{"line":17,"column":426}}],"line":17},"3":{"loc":{"start":{"line":28,"column":10},"end":{"line":85,"column":11}},"type":"switch","locations":[{"start":{"line":29,"column":12},"end":{"line":35,"column":109}},{"start":{"line":37,"column":12},"end":{"line":43,"column":120}},{"start":{"line":45,"column":12},"end":{"line":49,"column":64}},{"start":{"line":51,"column":12},"end":{"line":60,"column":112}},{"start":{"line":62,"column":12},"end":{"line":68,"column":112}},{"start":{"line":70,"column":12},"end":{"line":75,"column":18}},{"start":{"line":77,"column":12},"end":{"line":80,"column":82}},{"start":{"line":82,"column":12},"end":{"line":82,"column":20}},{"start":{"line":83,"column":12},"end":{"line":84,"column":37}}],"line":28},"4":{"loc":{"start":{"line":30,"column":14},"end":{"line":33,"column":15}},"type":"if","locations":[{"start":{"line":30,"column":14},"end":{"line":33,"column":15}},{"start":{"line":30,"column":14},"end":{"line":33,"column":15}}],"line":30},"5":{"loc":{"start":{"line":30,"column":20},"end":{"line":30,"column":57}},"type":"binary-expr","locations":[{"start":{"line":30,"column":20},"end":{"line":30,"column":35}},{"start":{"line":30,"column":39},"end":{"line":30,"column":57}}],"line":30},"6":{"loc":{"start":{"line":38,"column":14},"end":{"line":41,"column":15}},"type":"if","locations":[{"start":{"line":38,"column":14},"end":{"line":41,"column":15}},{"start":{"line":38,"column":14},"end":{"line":41,"column":15}}],"line":38},"7":{"loc":{"start":{"line":55,"column":14},"end":{"line":58,"column":15}},"type":"if","locations":[{"start":{"line":55,"column":14},"end":{"line":58,"column":15}},{"start":{"line":55,"column":14},"end":{"line":58,"column":15}}],"line":55},"8":{"loc":{"start":{
[...]
":2,"9":5},"b":{"0":[2,0],"1":[2,2],"2":[2,1],"3":[2,1,1,1,0,0,0,2],"4":[1,1],"5":[2,2,2],"6":[1,0],"7":[0,0]},"_coverageSchema":"d34fc3e6b8297bcde183f5492bcb8fcb36775295","hash":"efe8ef2f2f13fc038ba12b051b647928d88ffc52","contentHash":"5eec2ba56e698f339d7aff94bb7b2c0e"},"C:\\Users\\ATANDA\\Desktop\\AbdulAzeez Career Files DONT DELETE PLEASE\\FastFoodFast\\server\\DB\\controllers\\orderHistory.js":{"path":"C:\\Users\\ATANDA\\Desktop\\AbdulAzeez Career Files DONT DELETE PLEASE\\FastFoodFast\\server\\DB\\controllers\\orderHistory.js","statementMap":{"0":{"start":{"line":3,"column":0},"end":{"line":5,"column":3}},"1":{"start":{"line":7,"column":10},"end":{"line":7,"column":26}},"2":{"start":{"line":9,"column":11},"end":{"line":9,"column":38}},"3":{"start":{"line":11,"column":39},"end":{"line":11,"column":93}},"4":{"start":{"line":13,"column":33},"end":{"line":13,"column":456}},"5":{"start":{"line":13,"column":64},"end":{"line":13,"column":89}},"6":{"start":{"line":13,"column":91},"end":{"line":13,"column":453}},"7":{"start":{"line":13,"column":165},"end":{"line":13,"column":263}},"8":{"start":{"line":13,"column":182},"end":{"line":13,"column":195}},"9":{"start":{"line":13,"column":209},"end":{"line":13,"column":219}},"10":{"start":{"line":13,"column":239},"end":{"line":13,"column":253}},"11":{"start":{"line":13,"column":254},"end":{"line":13,"column":261}},"12":{"start":{"line":13,"column":264},"end":{"line":13,"column":426}},"13":{"start":{"line":13,"column":281},"end":{"line":13,"column":296}},"14":{"start":{"line":13,"column":306},"end":{"line":13,"column":424}},"15":{"start":{"line":13,"column":360},"end":{"line":13,"column":380}},"16":{"start":{"line":13,"column":401},"end":{"line":13,"column":420}},"17":{"start":{"line":13,"column":429},"end":{"line":13,"column":449}},"18":{"start":{"line":15,"column":19},"end":{"line":50,"column":1}},"19":{"start":{"line":17,"column":16},"end":{"line":17,"column":20}},"20":{"start":{"line":19,"column":4},"end":{"line":48,"column":10}},"21":{"start":{"line":22,"column":6},"end":{"line":47,"column":36}},"22":{"start":{"line":23,"column":8},"end":{"line":46,"column":9}},"23":{"start":{"line":24,"column":10},"end":{"line":45,"column":11}},"24":{"start":{"line":26,"column":14},"end":{"line":26,"column":72}},"25":{"start":{"line":27,"column":14},"end":{"line":27,"column":32}},"26":{"start":{"line":28,"column":14},"end":{"line":28,"column":32}},"27":{"start":{"line":29,"column":14},"end":{"line":29,"column":69}},"28":{"start":{"line":32,"column":14},"end":{"line":32,"column":35}},"29":{"start":{"line":33,"column":14},"end":{"line":33,"column":31}},"30":{"start":{"line":34,"column":14},"end":{"line":34,"column":39}},"31":{"start":{"line":35,"column":14},"end":{"line":35,"column":105}},"32":{"start":{"line":38,"column":14},"end":{"line":38,"column":33}},"33":{"start":{"line":39,"column":14},"end":{"line":39,"column":49}},"34":{"start":{"line":40,"column":14},"end":{"line":40,"column":82}},"35":{"start":{"line":44,"column":14},"end":{"line":44,"column":37}},"36":{"start":{"line":52,"column":0},"end":{"line":52,"column":44}}},"fnMap":{"0":{"name":"_interopRequireDefault","decl":{"start":{"line":11,"column":9},"end":{"line":11,"column":31}},"loc":{"start":{"line":11,"column":37},"end":{"line":11,"column":95}},"line":11},"1":{"name":"_asyncToGenerator","decl":{"start":{"line":13,"column":9},"end":{"line":13,"column":26}},"loc":{"start":{"line":13,"column":31},"end":{"line":13,"column":458}},"line":13},"2":{"name":"(anonymous_2)","decl":{"start":{"line":13,"column":40},"end":{"line":13,"column":41}},"loc":{"start":{"line":13,"column":52},"end":{"line":13,"column":455}},"line":13},"3":{"name":"(anonymous_3)","decl":{"start":{"line":13,"column":110},"end":{"line":13,"column":111}},"loc":{"start":{"line":13,"column":137},"end":{"line":13,"column":451}},"line":13},"4":{"name":"step","decl":{"start":{"line":13,"column":148},"end":{"line":13,"column":152}},"loc":{"start":{"line":13,"column":163},"end":{"line":13,"column":428}},"line":13},"5":{"name":"(anonymous_5)","decl":{"start":{"line":13,"column":341},"end":{"line":13,"column":342}},"loc":{"start":{"line":13,"column":358},"end":{"line":13,"column":382}},"line":13},"6":{"name":"(anonymous_6)","decl":{"start":{"line":13,"column":384},"end":{"line":13,"column":385}},"loc":{"start":{"line":13,"column":399},"end":{"line":13,"column":422}},"line":13},"7":{"name":"orderHistory","decl":{"start":{"line":16,"column":25},"end":{"line":16,"column":37}},"loc":{"start":{"line":16,"column":48},"end":{"line":49,"column":3}},"line":16},"8":{"name":"_callee","decl":{"start":{"line":19,"column":76},"end":{"line":19,"column":83}},"loc":{"start":{"line":19,"column":86},"end":{"line":48,"column":5}},"line":19},"9":{"name":"_callee$","decl":{"start":{"line":22,"column":46},"end":{"line":22,"column":54}},"loc":{"start":{"line":22,"column":65},"end":{"line":47,"column":7}},"line":22}},"branchMap":{"0":{"loc":{"start":{"line":11,"column":46},"end":{"line":11,"column":92}},"type":"cond-expr","locations":[{"start":{"line":11,"column":70},"end":{"line":11,"column":73}},{"start":{"line":11,"column":76},"end":{"line":11,"column":92}}],"line":11},"1":{"loc":{"start":{"line":11,"column":46},"end":{"line":11,"column":67}},"type":"binary-expr","locations":[{"start":{"line":11,"column":46},"end":{"line":11,"column":49}},{"start":{"line":11,"column":53},"end":{"line":11,"column":67}}],"line":11},"2":{"loc":{"start":{"line":13,"column":264},"end":{"line":13,"column":426}},"type":"if","locations":[{"start":{"line":13,"column":264},"end":{"line":13,"column":426}},{"start":{"line":13,"column":264},"end":{"line":13,"column":426}}],"line":13},"3":{"loc":{"start":{"line":24,"column":10},"end":{"line":45,"column":11}},"type":"switch","locations":[{"start":{"line":25,"column":12},"end":{"line":29,"column":69}},{"start":{"line":31,"column":12},"end":{"line":35,"column":105}},{"start":{"line":37,"column":12},"end":{"line":40,"column":82}},{"start":{"line":42,"column":12},"end":{"line":42,"column":20}},{"start":{"line":43,"column":12},"end":{"line":44,"column":37}}],"line":24}},"s":{"0":1,"1":1,"2":1,"3":1,"4":0,"5":0,"6":0,"7":0,"8":0,"9":0,"10":0,"11":0,"12":0,"13":0,"14":0,"15":0,"16":0,"17":0,"18":1,"19":0,"20":0,"21":0,"22":0,"23":0,"24":0,"25":0,"26":0,"27":0,"28":0,"29":0,"30":0,"31":0,"32":0,"33":0,"34":0,"35":0,"36":1},"f":{"0":1,"1":0,"2":0,"3":0,"4":0,"5":0,"6":0,"7":0,"8":0,"9":0},"b":{"0":[1,0],"1":[1,1],"2":[0,0],"3":[0,0,0,0,0]},"_coverageSchema":"d34fc3e6b8297bcde183f5492bcb8fcb36775295","hash":"6441874851f59695e2fb4adb7916494ccd5e3e5d","contentHash":"de174513b93564c72e6118fc9dd56a01"},"C:\\Users\\ATANDA\\Desktop\\AbdulAzeez Career Files DONT DELETE PLEASE\\FastFoodFast\\server\\DB\\controllers\\newMenu.js":{"path":"C:\\Users\\ATANDA\\Desktop\\AbdulAzeez Career Files DONT DELETE PLEASE\\FastFoodFast\\server\\DB\\controllers\\newMenu.js","statementMap":{"0":{"start":{"line":3,"column":0},"end":{"line":5,"column":3}},"1":{"start":{"line":7,"column":13},"end":{"line":7,"column":35}},"2":{"start":{"line":9,"column":14},"end":{"line":9,"column":44}},"3":{"start":{"line":11,"column":39},"end":{"line":11,"column":93}},"4":{"start":{"line":13,"column":33},"end":{"line":13,"column":456}},"5":{"start":{"line":13,"column":64},"end":{"line":13,"column":89}},"6":{"start":{"line":13,"column":91},"end":{"line":13,"column":453}},"7":{"start":{"line":13,"column":165},"end":{"line":13,"column":263}},"8":{"start":{"line":13,"column":182},"end":{"line":13,"column":195}},"9":{"start":{"line":13,"column":209},"end":{"line":13,"column":219}},"10":{"start":{"line":13,"column":239},"end":{"line":13,"column":253}},"11":{"start":{"line":13,"column":254},"end":{"line":13,"column":261}},"12":{"start":{"line":13,"column":264},"end":{"line":13,"column":426}},"13":{"start":{"line":13,"column":281},"end":{"line":13,"column":296}},"14":{"start":{"line":13,"column":306},"end":{"line":13,"column":424}},"15":{"start":{"line":13,"column":360},"end":{"line":13,"column":380}},"16":{"start":{"line":13,"column":401},"end":{"line":13,"column":420}},"17":{"start":{"line":13,"column":429},"end":{"line":13,"column":449}},"18":{"start":{"line":15,"column":14},"end":{"line":59,"column":1}},"19":{"start":{"line":17,"column":16},"end":{"line":17,"column":20}},"20":{"start":{"line":19,"column":4},"end":{"line":57,"column":10}},"21":{"start":{"line":22,"column":6},"end":{"line":56,"column":36}},"22":{"start":{"line":23,"column":8},"end":{"line":55,"column":9}},"23":{"start":{"line":24,"column":10},"end":{"line":54,"column":11}},"24":{"start":{"line":26,"column":14},"end":{"line":26,"column":123}},"25":{"start":{"line":27,"column":14},"end":{"line":27,"column":71}},"26":{"start":{"line":28,"column":14},"end":{"line":28,"column":32}},"27":{"start":{"line":29,"column":14},"end":{"line":29,"column":32}},"28":{"start":{"line":30,"column":14},"end":{"line":30,"column":57}},"29":{"start":{"line":33,"column":14},"end":{"line":33,"column":35}},"30":{"start":{"line":34,"column":14},"end":{"line":34,"column":31}},"31":{"start":{"line":35,"column":14},"end":{"line":35,"column":78}},"32":{"start":{"line":38,"column":14},"end":{"line":38,"column":33}},"33":{"start":{"line":39,"column":14},"end":{"line":39,"column":49}},"34":{"start":{"line":41,"column":14},"end":{"line":44,"column":15}},"35":{"start":{"line":42,"column":16},"end":{"line":42,"column":35}},"36":{"start":{"line":43,"column":16},"end":{"line":43,"column":22}},"37":{"start":{"line":46,"column":14},"end":{"line":46,"column":127}},"38":{"start":{"line":49,"column":14},"end":{"line":49,"column":90}},"39":{"start":{"line":53,"column":14},"end":{"line":53,"column":37}},"40":{"start":{"line":61,"column":0},"end":{"line":61,"column":34}}},"fnMap":{"0":{"name":"_interopRequireDefault","decl":{"start":{"line":11,"column":9},"end":{"line":11,"column":31}},"loc":{"start":{"line":11,"column":37},"end":{"line":11,"column":95}},"line":11},"1":{"name":"_asyncToGenerator","decl":{"start":{"line":13,"column":9},"end":{"line":13,"column":26}},"loc":{"start":{"line":13,"column":31},"end":{"line":13,"column":458}},"line":13},"2":{"name":"(anonymous_2)","decl":{"start":{"line":13,"column":40},"end":{"line":13,"column":41}},"loc":{"start":{"line":13,"column":52},"end":{"line":13,"column":455}},"line":13},"3":{"name":"(anonymous_3)","decl":{"start":{"line":13,"column":110},"end":{"line":13,"column":111}},"loc":{"start":{"line":13,"column":137},"end":{"line":13,"column":451}},"line":13},"4":{"name":"step","decl":{"start":{"line":13,"column":148},"end":{"line":13,"column":152}},"loc":{"start":{"line":13,"column":163},"end":{"line":13,"column":428}},"line":13},"5":{"name":"(anonymous_5)","decl":{"start":{"line":13,"column":341},"end":{"line":13,"column":342}},"loc":{"start":{"line":13,"column":358},"end":{"line":13,"column":382}},"line":13},"6":{"name":"(anonymous_6)","decl":{"start":{"line":13,"column":384},"end":{"line":13,"column":385}},"loc":{"start":{"line":13,"column":399},"end":{"line":13,"column":422}},"line":13},"7":{"name":"newMenu","decl":{"start":{"line":16,"column":20},"end":{"line":16,"column":27}},"loc":{"start":{"line":16,"column":38},"end":{"line":58,"column":3}},"line":16},"8":{"name":"_callee","decl":{"start":{"line":19,"column":76},"end":{"line":19,"column":83}},"loc":{"start":{"line":19,"column":86},"end":{"line":57,"column":5}},"line":19},"9":{"name":"_callee$","decl":{"start":{"line":22,"column":46},"end":{"line":22,"column":54}},"loc":{"start":{"line":22,"column":65},"end":{"line":56,"column":7}},"line":22}},"branchMap":{"0":{"loc":{"start":{"line":11,"column":46},"end":{"line":11,"column":92}},"type":"cond-expr","locations":[{"start":{"line":11,"column":70},"end":{"line":11,"column":73}},{"start":{"line":11,"column":76},"end":{"line":11,"column":92}}],"line":11},"1":{"loc":{"start":{"line":11,"column":46},"end":{"line":11,"column":67}},"type":"binary-expr","locations":[{"start":{"line":11,"column":46},"end":{"line":11,"column":49}},{"start":{"line":11,"column":53},"end":{"line":11,"column":67}}],"line":11},"2":{"loc":{"start":{"line":13,"column":264},"end":{"line":13,"column":426}},"type":"if","locations":[{"start":{"line":13,"column":264},"end":{"line":13,"column":426}},{"start":{"line":13,"column":264},"end":{"line":13,"column":426}}],"line":13},"3":{"loc":{"start":{"line":24,"column":10},"end":{"line":54,"column":11}},"type":"switch","locations":[{"start":{"line":25,"column":12},"end":{"line":30,"column":57}},{"start":{"line":32,"column":12},"end":{"line":35,"column":78}},{"start":{"line":37,"column":12},"end":{"line":46,"column":127}},{"start":{"line":48,"column":12},"end":{"line":49,"column":90}},{"start":{"line":51,"column":12},"end":{"line":51,"column":20}},{"start":{"line":52,"column":12},"end":{"line":53,"column":37}}],"line":24},"4":{"loc":{"start":{"line":41,"column":14},"end":{"line":44,"column":15}},"type":"if","locations":[{"start":{"line":41,"column":14},"end":{"line":44,"column":15}},{"start":{"line":41,"column":14},"end":{"line":44,"column":15}}],"line":41}},"s":{"0":1,"1":1,"2":1,"3":1,"4":0,"5":0,"6":0,"7":0,"8":0,"9":0,"10":0,"11":0,"12":0,"13":0,"14":0,"15":0,"16":0,"17":0,"18":1,"19":0,"20":0,"21":0,"22":0,"23":0,"24":0,"25":0,"26":0,"27":0,"28":0,"29":0,"30":0,"31":0,"32":0,"33":0,"34":0,"35":0,"36":0,"37":0,"38":0,"39":0,"40":1},"f":{"0":1,"1":0,"2":0,"3":0,"4":0,"5":0,"6":0,"7":0,"8":0,"9":0},"b":{"0":[1,0],"1":[1,1],"2":[0,0],"3":[0,0,0,0,0,0],"4":[0,0]},"_coverageSchema":"d34fc3e6b8297bcde183f5492bcb8fcb36775295","hash":"4a1ec02d591e0a0b20d0b44777342948edb14de5","contentHash":"47886a11644f0f1f03982f824a365c40"},"C:\\Users\\ATANDA\\Desktop\\AbdulAzeez Career Files DONT DELETE PLEASE\\FastFoodFast\\server\\DB\\controllers\\allMenu.js":{"path":"C:\\Users\\ATANDA\\Desktop\\AbdulAzeez Career Files DONT DELETE PLEASE\\FastFoodFast\\server\\DB\\controllers\\allMenu.js","statementMap":{"0":{"start":{"line":3,"column":0},"end":{"line":5,"column":3}},"1":{"start":{"line":7,"column":10},"end":{"line":7,"column":26}},"2":{"start":{"line":9,"column":11},"end":{"line":9,"column":38}},"3":{"start":{"line":11,"column":39},"end":{"line":11,"column":93}},"4":{"start":{"line":13,"column":33},"end":{"line":13,"column":456}},"5":{"start":{"line":13,"column":64},"end":{"line":13,"column":89}},"6":{"start":{"line":13,"column":91},"end":{"line":13,"column":453}},"7":{"start":{"line":13,"column":165},"end":{"line":13,"column":263}},"8":{"start":{"line":13,"column":182},"end":{"line":13,"column":195}},"9":{"start":{"line":13,"column":209},"end":{"line":13,"column":219}},"10":{"start":{"line":13,"column":239},"end":{"line":13,"column":253}},"11":{"start":{"line":13,"column":254},"end":{"line":13,"column":261}},"12":{"start":{"line":13,"column":264},"end":{"line":13,"column":426}},"13":{"start":{"line":13,"column":281},"end":{"line":13,"column":296}},"14":{"start":{"line":13,"column":306},"end":{"line":13,"column":424}},"15":{"start":{"line":13,"column":360},"end":{"line":13,"column":380}},"16":{"start":{"line":13,"column":401},"end":{"line":13,"column":420}},"17":{"start":{"line":13,"column":429},"end":{"line":13,"column":449}},"18":{"start":{"line":15,"column":14},"end":{"line":50,"column":1}},"19":{"start":{"line":17,"column":16},"end":{"line":17,"column":20}},"20":{"start":{"line":19,"column":4},"end":{"line":48,"column":10}},"21":{"start":{"line":22,"column":6},"end":{"line":47,"column":36}},"22":{"start":{"line":23,"column":8},"end":{"line":46,"column":9}},"23":{"start":{"line":24,"column":10},"end":{"line":45,"column":11}},"24":{"start":{"line":26,"column":14},"end":{"line":26,"column":50}},"25":{"start":{"line":27,"column":14},"end":{"line":27,"column":32}},"26":{"start":{"line":28,"column":14},"end":{"line":28,"column":32}},"27":{"start":{"line":29,"column":14},"end":{"line":29,"column":54}},"28":{"start":{"line":32,"column":14},"end":{"line":32,"column":35}},"29":{"start":{"line":33,"column":14},"end":{"line":33,"column":31}},"30":{"start":{"line":34,"column":14},"end":{"line":34,"column":39}},"31":{"start":{"line":35,"column":14},"end":{"line":35,"column":105}},"32":{"start":{"line":38,"column":14},"end":{"line":38,"column":33}},"33":{"start":{"line":39,"column":14},"end":{"line":39,"column":49}},"34":{"start":{"line":40,"column":14},"end":{"line":40,"column":82}},"35":{"start":{"line":44,"column":14},"end":{"line":44,"column":37}},"36":{"start":{"line":52,"column":0},"end":{"line":52,"column":34}}},"fnMap":{"0":{"name":"_interopRequireDefault","decl":{"start":{"line":11,"column":9},"end":{"line":11,"column":31}},"loc":{"start":{"line":11,"column":37},"end":{"line":11,"column":95}},"line":11},"1":{"name":"_asyncToGenerator","decl":{"start":{"line":13,"column":9},"end":{"line":13,"column":26}},"loc":{"start":{"line":13,"column":31},"end":{"line":13,"column":458}},"line":13},"2":{"name":"(anonymous_2)","decl":{"start":{"line":13,"column":40},"end":{"line":13,"column":41}},"loc":{"start":{"line":13,"column":52},"end":{"line":13,"column":455}},"line":13},"3":{"name":"(anonymous_3)","decl":{"start":{"line":13,"column":110},"end":{"line":13,"column":111}},"loc":{"start":{"line":13,"column":137},"end":{"line":13,"column":451}},"line":13},"4":{"name":"step","decl":{"start":{"line":13,"column":148},"end":{"line":13,"column":152}},"loc":{"start":{"line":13,"column":163},"end":{"line":13,"column":428}},"line":13},"5":{"name":"(anonymous_5)","decl":{"start":{"line":13,"column":341},"end":{"line":13,"column":342}},"loc":{"start":{"line":13,"column":358},"end":{"line":13,"column":382}},"line":13},"6":{"name":"(anonymous_6)","decl":{"start":{"line":13,"column":384},"end":{"line":13,"column":385}},"loc":{"start":{"line":13,"column":399},"end":{"line":13,"column":422}},"line":13},"7":{"name":"allMenu","decl":{"start":{"line":16,"column":20},"end":{"line":16,"column":27}},"loc":{"start":{"line":16,"column":38},"end":{"line":49,"column":3}},"line":16},"8":{"name":"_callee","decl":{"start":{"line":19,"column":76},"end":{"line":19,"column":83}},"loc":{"start":{"line":19,"column":86},"end":{"line":48,"column":5}},"line":19},"9":{"name":"_callee$","decl":{"start":{"line":22,"column":46},"end":{"line":22,"column":54}},"loc":{"start":{"line":22,"column":65},"end":{"line":47,"column":7}},"line":22}},"branchMap":{"0":{"loc":{"start":{"line":11,"column":46},"end":{"line":11,"column":92}},"type":"cond-expr","locations":[{"start":{"line":11,"column":70},"end":{"line":11,"column":73}},{"start":{"line":11,"column":76},"end":{"line":11,"column":92}}],"line":11},"1":{"loc":{"start":{"line":11,"column":46},"end":{"line":11,"column":67}},"type":"binary-expr","locations":[{"start":{"line":11,"column":46},"end":{"line":11,"column":49}},{"start":{"line":11,"column":53},"end":{"line":11,"column":67}}],"line":11},"2":{"loc":{"start":{"line":13,"column":264},"end":{"line":13,"column":426}},"type":"if","locations":[{"start":{"line":13,"column":264},"end":{"line":13,"column":426}},{"start":{"line":13,"column":264},"end":{"line":13,"column":426}}],"line":13},"3":{"loc":{"start":{"line":24,"column":10},"end":{"line":45,"column":11}},"type":"switch","locations":[{"start":{"line":25,"column":12},"end":{"line":29,"column":54}},{"start":{"line":31,"column":12},"end":{"line":35,"column":105}},{"start":{"line":37,"column":12},"end":{"line":40,"column":82}},{"start":{"line":42,"column":12},"end":{"line":42,"column":20}},{"start":{"line":43,"column":12},"end":{"line":44,"column":37}}],"line":24}},"s":{"0":1,"1":1,"2":1,"3":1,"4":0,"5":0,"6":0,"7":0,"8":0,"9":0,"10":0,"11":0,"12":0,"13":0,"14":0,"15":0,"16":0,"17":0,"18":1,"19":0,"20":0,"21":0,"22":0,"23":0,"24":0,"25":0,"26":0,"27":0,"28":0,"29":0,"30":0,"31":0,"32":0,"33":0,"34":0,"35":0,"36":1},"f":{"0":1,"1":0,"2":0,"3":0,"4":0,"5":0,"6":0,"7":0,"8":0,"9":0},"b":{"0":[1,0],"1":[1,1],"2":[0,0],"3":[0,0,0,0,0]},"_coverageSchema":"d34fc3e6b8297bcde183f5492bcb8fcb36775295","hash":"edd6df8343842bee2663465cb8d3700046328cdb","contentHash":"92ba8096267e578bce3cf64eecff7f26"}}